[INFO  - 2017-02-02T01:36:37.903Z] GhostDriver - Main - running on port 43765
[INFO  - 2017-02-02T01:36:38.788Z] Session [0a8369e0-e8e8-11e6-b918-bfac0073842a] - page.settings - {"XSSAuditingEnabled":false,"javascriptCanCloseWindows":true,"javascriptCanOpenWindows":true,"javascriptEnabled":true,"loadImages":true,"localToRemoteUrlAccessEnabled":false,"userAgent":"Mozilla/5.0 (Unknown; Linux x86_64) AppleWebKit/538.1 (KHTML, like Gecko) PhantomJS/2.1.1 Safari/538.1","webSecurityEnabled":true}
[INFO  - 2017-02-02T01:36:38.790Z] Session [0a8369e0-e8e8-11e6-b918-bfac0073842a] - page.customHeaders:  - {}
[INFO  - 2017-02-02T01:36:38.790Z] Session [0a8369e0-e8e8-11e6-b918-bfac0073842a] - Session.negotiatedCapabilities - {"browserName":"phantomjs","version":"2.1.1","driverName":"ghostdriver","driverVersion":"1.2.0","platform":"linux-unknown-64bit","javascriptEnabled":true,"takesScreenshot":true,"handlesAlerts":false,"databaseEnabled":false,"locationContextEnabled":false,"applicationCacheEnabled":false,"browserConnectionEnabled":false,"cssSelectorsEnabled":true,"webStorageEnabled":false,"rotatable":false,"acceptSslCerts":false,"nativeEvents":true,"proxy":{"proxyType":"direct"}}
[INFO  - 2017-02-02T01:36:38.790Z] SessionManagerReqHand - _postNewSessionCommand - New Session Created: 0a8369e0-e8e8-11e6-b918-bfac0073842a
[ERROR - 2017-02-02T01:36:44.381Z] Session [0a8369e0-e8e8-11e6-b918-bfac0073842a] - page.onError - msg: Unhandled promise rejection undefined

  phantomjs://platform/console++.js:263 in error
[ERROR - 2017-02-02T01:36:44.381Z] Session [0a8369e0-e8e8-11e6-b918-bfac0073842a] - page.onError - stack:
  (anonymous function) (https://data.cityofnewyork.us/javascripts/build/dataset-landing-page/main.js?bc87cf326de5a6e9b89aecf4c1cbe998e02cd62f.171.1484074405:42)

  phantomjs://platform/console++.js:263 in error
[ERROR - 2017-02-02T01:36:45.833Z] Session [0a8369e0-e8e8-11e6-b918-bfac0073842a] - page.onError - msg: Unhandled promise rejection undefined

  phantomjs://platform/console++.js:263 in error
[ERROR - 2017-02-02T01:36:45.833Z] Session [0a8369e0-e8e8-11e6-b918-bfac0073842a] - page.onError - stack:
  (anonymous function) (https://data.cityofnewyork.us/javascripts/build/dataset-landing-page/main.js?bc87cf326de5a6e9b89aecf4c1cbe998e02cd62f.171.1484074405:42)

  phantomjs://platform/console++.js:263 in error
[ERROR - 2017-02-02T01:36:47.209Z] Session [0a8369e0-e8e8-11e6-b918-bfac0073842a] - page.onError - msg: Unhandled promise rejection undefined

  phantomjs://platform/console++.js:263 in error
[ERROR - 2017-02-02T01:36:47.209Z] Session [0a8369e0-e8e8-11e6-b918-bfac0073842a] - page.onError - stack:
  (anonymous function) (https://data.cityofnewyork.us/javascripts/build/dataset-landing-page/main.js?bc87cf326de5a6e9b89aecf4c1cbe998e02cd62f.171.1484074405:42)

  phantomjs://platform/console++.js:263 in error
[ERROR - 2017-02-02T01:36:48.754Z] Session [0a8369e0-e8e8-11e6-b918-bfac0073842a] - page.onError - msg: Unhandled promise rejection undefined

  phantomjs://platform/console++.js:263 in error
[ERROR - 2017-02-02T01:36:48.754Z] Session [0a8369e0-e8e8-11e6-b918-bfac0073842a] - page.onError - stack:
  (anonymous function) (https://data.cityofnewyork.us/javascripts/build/dataset-landing-page/main.js?bc87cf326de5a6e9b89aecf4c1cbe998e02cd62f.171.1484074405:42)

  phantomjs://platform/console++.js:263 in error
[ERROR - 2017-02-02T01:36:49.921Z] Session [0a8369e0-e8e8-11e6-b918-bfac0073842a] - page.onError - msg: Unhandled promise rejection undefined

  phantomjs://platform/console++.js:263 in error
[ERROR - 2017-02-02T01:36:49.922Z] Session [0a8369e0-e8e8-11e6-b918-bfac0073842a] - page.onError - stack:
  (anonymous function) (https://data.cityofnewyork.us/javascripts/build/dataset-landing-page/main.js?bc87cf326de5a6e9b89aecf4c1cbe998e02cd62f.171.1484074405:42)

  phantomjs://platform/console++.js:263 in error
[ERROR - 2017-02-02T01:36:51.235Z] Session [0a8369e0-e8e8-11e6-b918-bfac0073842a] - page.onError - msg: Unhandled promise rejection undefined

  phantomjs://platform/console++.js:263 in error
[ERROR - 2017-02-02T01:36:51.235Z] Session [0a8369e0-e8e8-11e6-b918-bfac0073842a] - page.onError - stack:
  (anonymous function) (https://data.cityofnewyork.us/javascripts/build/dataset-landing-page/main.js?bc87cf326de5a6e9b89aecf4c1cbe998e02cd62f.171.1484074405:42)

  phantomjs://platform/console++.js:263 in error
[ERROR - 2017-02-02T01:36:52.897Z] Session [0a8369e0-e8e8-11e6-b918-bfac0073842a] - page.onError - msg: Unhandled promise rejection undefined

  phantomjs://platform/console++.js:263 in error
[ERROR - 2017-02-02T01:36:52.897Z] Session [0a8369e0-e8e8-11e6-b918-bfac0073842a] - page.onError - stack:
  (anonymous function) (https://data.cityofnewyork.us/javascripts/build/dataset-landing-page/main.js?bc87cf326de5a6e9b89aecf4c1cbe998e02cd62f.171.1484074405:42)

  phantomjs://platform/console++.js:263 in error
[ERROR - 2017-02-02T01:36:58.054Z] Session [0a8369e0-e8e8-11e6-b918-bfac0073842a] - page.onError - msg: Unhandled promise rejection undefined

  phantomjs://platform/console++.js:263 in error
[ERROR - 2017-02-02T01:36:58.054Z] Session [0a8369e0-e8e8-11e6-b918-bfac0073842a] - page.onError - stack:
  (anonymous function) (https://data.cityofnewyork.us/javascripts/build/dataset-landing-page/main.js?bc87cf326de5a6e9b89aecf4c1cbe998e02cd62f.171.1484074405:42)

  phantomjs://platform/console++.js:263 in error
[ERROR - 2017-02-02T01:37:01.639Z] Session [0a8369e0-e8e8-11e6-b918-bfac0073842a] - page.onError - msg: Unhandled promise rejection undefined

  phantomjs://platform/console++.js:263 in error
[ERROR - 2017-02-02T01:37:01.639Z] Session [0a8369e0-e8e8-11e6-b918-bfac0073842a] - page.onError - stack:
  (anonymous function) (https://data.cityofnewyork.us/javascripts/build/dataset-landing-page/main.js?bc87cf326de5a6e9b89aecf4c1cbe998e02cd62f.171.1484074405:42)

  phantomjs://platform/console++.js:263 in error
[ERROR - 2017-02-02T01:37:05.435Z] Session [0a8369e0-e8e8-11e6-b918-bfac0073842a] - page.onError - msg: Unhandled promise rejection undefined

  phantomjs://platform/console++.js:263 in error
[ERROR - 2017-02-02T01:37:05.435Z] Session [0a8369e0-e8e8-11e6-b918-bfac0073842a] - page.onError - stack:
  (anonymous function) (https://data.cityofnewyork.us/javascripts/build/dataset-landing-page/main.js?bc87cf326de5a6e9b89aecf4c1cbe998e02cd62f.171.1484074405:42)

  phantomjs://platform/console++.js:263 in error
[ERROR - 2017-02-02T01:37:07.091Z] Session [0a8369e0-e8e8-11e6-b918-bfac0073842a] - page.onError - msg: Unhandled promise rejection undefined

  phantomjs://platform/console++.js:263 in error
[ERROR - 2017-02-02T01:37:07.091Z] Session [0a8369e0-e8e8-11e6-b918-bfac0073842a] - page.onError - stack:
  (anonymous function) (https://data.cityofnewyork.us/javascripts/build/dataset-landing-page/main.js?bc87cf326de5a6e9b89aecf4c1cbe998e02cd62f.171.1484074405:42)

  phantomjs://platform/console++.js:263 in error
[ERROR - 2017-02-02T01:37:08.607Z] Session [0a8369e0-e8e8-11e6-b918-bfac0073842a] - page.onError - msg: Unhandled promise rejection undefined

  phantomjs://platform/console++.js:263 in error
[ERROR - 2017-02-02T01:37:08.607Z] Session [0a8369e0-e8e8-11e6-b918-bfac0073842a] - page.onError - stack:
  (anonymous function) (https://data.cityofnewyork.us/javascripts/build/dataset-landing-page/main.js?bc87cf326de5a6e9b89aecf4c1cbe998e02cd62f.171.1484074405:42)

  phantomjs://platform/console++.js:263 in error
[ERROR - 2017-02-02T01:37:11.980Z] Session [0a8369e0-e8e8-11e6-b918-bfac0073842a] - page.onError - msg: Unhandled promise rejection undefined

  phantomjs://platform/console++.js:263 in error
[ERROR - 2017-02-02T01:37:11.980Z] Session [0a8369e0-e8e8-11e6-b918-bfac0073842a] - page.onError - stack:
  (anonymous function) (https://data.cityofnewyork.us/javascripts/build/dataset-landing-page/main.js?bc87cf326de5a6e9b89aecf4c1cbe998e02cd62f.171.1484074405:42)

  phantomjs://platform/console++.js:263 in error
[ERROR - 2017-02-02T01:37:13.643Z] Session [0a8369e0-e8e8-11e6-b918-bfac0073842a] - page.onError - msg: Unhandled promise rejection undefined

  phantomjs://platform/console++.js:263 in error
[ERROR - 2017-02-02T01:37:13.643Z] Session [0a8369e0-e8e8-11e6-b918-bfac0073842a] - page.onError - stack:
  (anonymous function) (https://data.cityofnewyork.us/javascripts/build/dataset-landing-page/main.js?bc87cf326de5a6e9b89aecf4c1cbe998e02cd62f.171.1484074405:42)

  phantomjs://platform/console++.js:263 in error
[ERROR - 2017-02-02T01:37:14.931Z] Session [0a8369e0-e8e8-11e6-b918-bfac0073842a] - page.onError - msg: Unhandled promise rejection undefined

  phantomjs://platform/console++.js:263 in error
[ERROR - 2017-02-02T01:37:14.931Z] Session [0a8369e0-e8e8-11e6-b918-bfac0073842a] - page.onError - stack:
  (anonymous function) (https://data.cityofnewyork.us/javascripts/build/dataset-landing-page/main.js?bc87cf326de5a6e9b89aecf4c1cbe998e02cd62f.171.1484074405:42)

  phantomjs://platform/console++.js:263 in error
[ERROR - 2017-02-02T01:37:16.196Z] Session [0a8369e0-e8e8-11e6-b918-bfac0073842a] - page.onError - msg: Unhandled promise rejection undefined

  phantomjs://platform/console++.js:263 in error
[ERROR - 2017-02-02T01:37:16.197Z] Session [0a8369e0-e8e8-11e6-b918-bfac0073842a] - page.onError - stack:
  (anonymous function) (https://data.cityofnewyork.us/javascripts/build/dataset-landing-page/main.js?bc87cf326de5a6e9b89aecf4c1cbe998e02cd62f.171.1484074405:42)

  phantomjs://platform/console++.js:263 in error
[ERROR - 2017-02-02T01:37:17.337Z] Session [0a8369e0-e8e8-11e6-b918-bfac0073842a] - page.onError - msg: Unhandled promise rejection undefined

  phantomjs://platform/console++.js:263 in error
[ERROR - 2017-02-02T01:37:17.337Z] Session [0a8369e0-e8e8-11e6-b918-bfac0073842a] - page.onError - stack:
  (anonymous function) (https://data.cityofnewyork.us/javascripts/build/dataset-landing-page/main.js?bc87cf326de5a6e9b89aecf4c1cbe998e02cd62f.171.1484074405:42)

  phantomjs://platform/console++.js:263 in error
[ERROR - 2017-02-02T01:37:18.590Z] Session [0a8369e0-e8e8-11e6-b918-bfac0073842a] - page.onError - msg: Unhandled promise rejection undefined

  phantomjs://platform/console++.js:263 in error
[ERROR - 2017-02-02T01:37:18.590Z] Session [0a8369e0-e8e8-11e6-b918-bfac0073842a] - page.onError - stack:
  (anonymous function) (https://data.cityofnewyork.us/javascripts/build/dataset-landing-page/main.js?bc87cf326de5a6e9b89aecf4c1cbe998e02cd62f.171.1484074405:42)

  phantomjs://platform/console++.js:263 in error
[ERROR - 2017-02-02T01:37:20.105Z] Session [0a8369e0-e8e8-11e6-b918-bfac0073842a] - page.onError - msg: Unhandled promise rejection undefined

  phantomjs://platform/console++.js:263 in error
[ERROR - 2017-02-02T01:37:20.105Z] Session [0a8369e0-e8e8-11e6-b918-bfac0073842a] - page.onError - stack:
  (anonymous function) (https://data.cityofnewyork.us/javascripts/build/dataset-landing-page/main.js?bc87cf326de5a6e9b89aecf4c1cbe998e02cd62f.171.1484074405:42)

  phantomjs://platform/console++.js:263 in error
[ERROR - 2017-02-02T01:37:21.296Z] Session [0a8369e0-e8e8-11e6-b918-bfac0073842a] - page.onError - msg: Unhandled promise rejection undefined

  phantomjs://platform/console++.js:263 in error
[ERROR - 2017-02-02T01:37:21.297Z] Session [0a8369e0-e8e8-11e6-b918-bfac0073842a] - page.onError - stack:
  (anonymous function) (https://data.cityofnewyork.us/javascripts/build/dataset-landing-page/main.js?bc87cf326de5a6e9b89aecf4c1cbe998e02cd62f.171.1484074405:42)

  phantomjs://platform/console++.js:263 in error
[ERROR - 2017-02-02T01:37:22.771Z] Session [0a8369e0-e8e8-11e6-b918-bfac0073842a] - page.onError - msg: Unhandled promise rejection undefined

  phantomjs://platform/console++.js:263 in error
[ERROR - 2017-02-02T01:37:22.772Z] Session [0a8369e0-e8e8-11e6-b918-bfac0073842a] - page.onError - stack:
  (anonymous function) (https://data.cityofnewyork.us/javascripts/build/dataset-landing-page/main.js?bc87cf326de5a6e9b89aecf4c1cbe998e02cd62f.171.1484074405:42)

  phantomjs://platform/console++.js:263 in error
[ERROR - 2017-02-02T01:37:24.175Z] Session [0a8369e0-e8e8-11e6-b918-bfac0073842a] - page.onError - msg: Unhandled promise rejection undefined

  phantomjs://platform/console++.js:263 in error
[ERROR - 2017-02-02T01:37:24.175Z] Session [0a8369e0-e8e8-11e6-b918-bfac0073842a] - page.onError - stack:
  (anonymous function) (https://data.cityofnewyork.us/javascripts/build/dataset-landing-page/main.js?bc87cf326de5a6e9b89aecf4c1cbe998e02cd62f.171.1484074405:42)

  phantomjs://platform/console++.js:263 in error
[ERROR - 2017-02-02T01:37:25.798Z] Session [0a8369e0-e8e8-11e6-b918-bfac0073842a] - page.onError - msg: Unhandled promise rejection undefined

  phantomjs://platform/console++.js:263 in error
[ERROR - 2017-02-02T01:37:25.798Z] Session [0a8369e0-e8e8-11e6-b918-bfac0073842a] - page.onError - stack:
  (anonymous function) (https://data.cityofnewyork.us/javascripts/build/dataset-landing-page/main.js?bc87cf326de5a6e9b89aecf4c1cbe998e02cd62f.171.1484074405:42)

  phantomjs://platform/console++.js:263 in error
[ERROR - 2017-02-02T01:37:27.043Z] Session [0a8369e0-e8e8-11e6-b918-bfac0073842a] - page.onError - msg: Unhandled promise rejection undefined

  phantomjs://platform/console++.js:263 in error
[ERROR - 2017-02-02T01:37:27.043Z] Session [0a8369e0-e8e8-11e6-b918-bfac0073842a] - page.onError - stack:
  (anonymous function) (https://data.cityofnewyork.us/javascripts/build/dataset-landing-page/main.js?bc87cf326de5a6e9b89aecf4c1cbe998e02cd62f.171.1484074405:42)

  phantomjs://platform/console++.js:263 in error
[ERROR - 2017-02-02T01:37:28.658Z] Session [0a8369e0-e8e8-11e6-b918-bfac0073842a] - page.onError - msg: Unhandled promise rejection undefined

  phantomjs://platform/console++.js:263 in error
[ERROR - 2017-02-02T01:37:28.659Z] Session [0a8369e0-e8e8-11e6-b918-bfac0073842a] - page.onError - stack:
  (anonymous function) (https://data.cityofnewyork.us/javascripts/build/dataset-landing-page/main.js?bc87cf326de5a6e9b89aecf4c1cbe998e02cd62f.171.1484074405:42)

  phantomjs://platform/console++.js:263 in error
[ERROR - 2017-02-02T01:37:29.888Z] Session [0a8369e0-e8e8-11e6-b918-bfac0073842a] - page.onError - msg: Unhandled promise rejection undefined

  phantomjs://platform/console++.js:263 in error
[ERROR - 2017-02-02T01:37:29.888Z] Session [0a8369e0-e8e8-11e6-b918-bfac0073842a] - page.onError - stack:
  (anonymous function) (https://data.cityofnewyork.us/javascripts/build/dataset-landing-page/main.js?bc87cf326de5a6e9b89aecf4c1cbe998e02cd62f.171.1484074405:42)

  phantomjs://platform/console++.js:263 in error
[ERROR - 2017-02-02T01:37:31.360Z] Session [0a8369e0-e8e8-11e6-b918-bfac0073842a] - page.onError - msg: Unhandled promise rejection undefined

  phantomjs://platform/console++.js:263 in error
[ERROR - 2017-02-02T01:37:31.360Z] Session [0a8369e0-e8e8-11e6-b918-bfac0073842a] - page.onError - stack:
  (anonymous function) (https://data.cityofnewyork.us/javascripts/build/dataset-landing-page/main.js?bc87cf326de5a6e9b89aecf4c1cbe998e02cd62f.171.1484074405:42)

  phantomjs://platform/console++.js:263 in error
[ERROR - 2017-02-02T01:37:32.741Z] Session [0a8369e0-e8e8-11e6-b918-bfac0073842a] - page.onError - msg: Unhandled promise rejection undefined

  phantomjs://platform/console++.js:263 in error
[ERROR - 2017-02-02T01:37:32.741Z] Session [0a8369e0-e8e8-11e6-b918-bfac0073842a] - page.onError - stack:
  (anonymous function) (https://data.cityofnewyork.us/javascripts/build/dataset-landing-page/main.js?bc87cf326de5a6e9b89aecf4c1cbe998e02cd62f.171.1484074405:42)

  phantomjs://platform/console++.js:263 in error
[ERROR - 2017-02-02T01:37:34.119Z] Session [0a8369e0-e8e8-11e6-b918-bfac0073842a] - page.onError - msg: Unhandled promise rejection undefined

  phantomjs://platform/console++.js:263 in error
[ERROR - 2017-02-02T01:37:34.119Z] Session [0a8369e0-e8e8-11e6-b918-bfac0073842a] - page.onError - stack:
  (anonymous function) (https://data.cityofnewyork.us/javascripts/build/dataset-landing-page/main.js?bc87cf326de5a6e9b89aecf4c1cbe998e02cd62f.171.1484074405:42)

  phantomjs://platform/console++.js:263 in error
[ERROR - 2017-02-02T01:37:35.359Z] Session [0a8369e0-e8e8-11e6-b918-bfac0073842a] - page.onError - msg: Unhandled promise rejection undefined

  phantomjs://platform/console++.js:263 in error
[ERROR - 2017-02-02T01:37:35.360Z] Session [0a8369e0-e8e8-11e6-b918-bfac0073842a] - page.onError - stack:
  (anonymous function) (https://data.cityofnewyork.us/javascripts/build/dataset-landing-page/main.js?bc87cf326de5a6e9b89aecf4c1cbe998e02cd62f.171.1484074405:42)

  phantomjs://platform/console++.js:263 in error
[ERROR - 2017-02-02T01:37:37.031Z] Session [0a8369e0-e8e8-11e6-b918-bfac0073842a] - page.onError - msg: Unhandled promise rejection undefined

  phantomjs://platform/console++.js:263 in error
[ERROR - 2017-02-02T01:37:37.031Z] Session [0a8369e0-e8e8-11e6-b918-bfac0073842a] - page.onError - stack:
  (anonymous function) (https://data.cityofnewyork.us/javascripts/build/dataset-landing-page/main.js?bc87cf326de5a6e9b89aecf4c1cbe998e02cd62f.171.1484074405:42)

  phantomjs://platform/console++.js:263 in error
[ERROR - 2017-02-02T01:37:41.222Z] Session [0a8369e0-e8e8-11e6-b918-bfac0073842a] - page.onError - msg: Unhandled promise rejection undefined

  phantomjs://platform/console++.js:263 in error
[ERROR - 2017-02-02T01:37:41.222Z] Session [0a8369e0-e8e8-11e6-b918-bfac0073842a] - page.onError - stack:
  (anonymous function) (https://data.cityofnewyork.us/javascripts/build/dataset-landing-page/main.js?bc87cf326de5a6e9b89aecf4c1cbe998e02cd62f.171.1484074405:42)

  phantomjs://platform/console++.js:263 in error
[ERROR - 2017-02-02T01:37:42.653Z] Session [0a8369e0-e8e8-11e6-b918-bfac0073842a] - page.onError - msg: Unhandled promise rejection undefined

  phantomjs://platform/console++.js:263 in error
[ERROR - 2017-02-02T01:37:42.658Z] Session [0a8369e0-e8e8-11e6-b918-bfac0073842a] - page.onError - stack:
  (anonymous function) (https://data.cityofnewyork.us/javascripts/build/dataset-landing-page/main.js?bc87cf326de5a6e9b89aecf4c1cbe998e02cd62f.171.1484074405:42)

  phantomjs://platform/console++.js:263 in error
[ERROR - 2017-02-02T01:37:44.114Z] Session [0a8369e0-e8e8-11e6-b918-bfac0073842a] - page.onError - msg: Unhandled promise rejection undefined

  phantomjs://platform/console++.js:263 in error
[ERROR - 2017-02-02T01:37:44.114Z] Session [0a8369e0-e8e8-11e6-b918-bfac0073842a] - page.onError - stack:
  (anonymous function) (https://data.cityofnewyork.us/javascripts/build/dataset-landing-page/main.js?bc87cf326de5a6e9b89aecf4c1cbe998e02cd62f.171.1484074405:42)

  phantomjs://platform/console++.js:263 in error
[ERROR - 2017-02-02T01:37:45.670Z] Session [0a8369e0-e8e8-11e6-b918-bfac0073842a] - page.onError - msg: Unhandled promise rejection undefined

  phantomjs://platform/console++.js:263 in error
[ERROR - 2017-02-02T01:37:45.674Z] Session [0a8369e0-e8e8-11e6-b918-bfac0073842a] - page.onError - stack:
  (anonymous function) (https://data.cityofnewyork.us/javascripts/build/dataset-landing-page/main.js?bc87cf326de5a6e9b89aecf4c1cbe998e02cd62f.171.1484074405:42)

  phantomjs://platform/console++.js:263 in error
[ERROR - 2017-02-02T01:37:47.103Z] Session [0a8369e0-e8e8-11e6-b918-bfac0073842a] - page.onError - msg: Unhandled promise rejection undefined

  phantomjs://platform/console++.js:263 in error
[ERROR - 2017-02-02T01:37:47.106Z] Session [0a8369e0-e8e8-11e6-b918-bfac0073842a] - page.onError - stack:
  (anonymous function) (https://data.cityofnewyork.us/javascripts/build/dataset-landing-page/main.js?bc87cf326de5a6e9b89aecf4c1cbe998e02cd62f.171.1484074405:42)

  phantomjs://platform/console++.js:263 in error
[ERROR - 2017-02-02T01:37:48.554Z] Session [0a8369e0-e8e8-11e6-b918-bfac0073842a] - page.onError - msg: Unhandled promise rejection undefined

  phantomjs://platform/console++.js:263 in error
[ERROR - 2017-02-02T01:37:48.555Z] Session [0a8369e0-e8e8-11e6-b918-bfac0073842a] - page.onError - stack:
  (anonymous function) (https://data.cityofnewyork.us/javascripts/build/dataset-landing-page/main.js?bc87cf326de5a6e9b89aecf4c1cbe998e02cd62f.171.1484074405:42)

  phantomjs://platform/console++.js:263 in error
[ERROR - 2017-02-02T01:37:49.984Z] Session [0a8369e0-e8e8-11e6-b918-bfac0073842a] - page.onError - msg: Unhandled promise rejection undefined

  phantomjs://platform/console++.js:263 in error
[ERROR - 2017-02-02T01:37:49.985Z] Session [0a8369e0-e8e8-11e6-b918-bfac0073842a] - page.onError - stack:
  (anonymous function) (https://data.cityofnewyork.us/javascripts/build/dataset-landing-page/main.js?bc87cf326de5a6e9b89aecf4c1cbe998e02cd62f.171.1484074405:42)

  phantomjs://platform/console++.js:263 in error
[ERROR - 2017-02-02T01:37:51.804Z] Session [0a8369e0-e8e8-11e6-b918-bfac0073842a] - page.onError - msg: Unhandled promise rejection undefined

  phantomjs://platform/console++.js:263 in error
[ERROR - 2017-02-02T01:37:51.804Z] Session [0a8369e0-e8e8-11e6-b918-bfac0073842a] - page.onError - stack:
  (anonymous function) (https://data.cityofnewyork.us/javascripts/build/dataset-landing-page/main.js?bc87cf326de5a6e9b89aecf4c1cbe998e02cd62f.171.1484074405:42)

  phantomjs://platform/console++.js:263 in error
[ERROR - 2017-02-02T01:37:53.300Z] Session [0a8369e0-e8e8-11e6-b918-bfac0073842a] - page.onError - msg: Unhandled promise rejection undefined

  phantomjs://platform/console++.js:263 in error
[ERROR - 2017-02-02T01:37:53.300Z] Session [0a8369e0-e8e8-11e6-b918-bfac0073842a] - page.onError - stack:
  (anonymous function) (https://data.cityofnewyork.us/javascripts/build/dataset-landing-page/main.js?bc87cf326de5a6e9b89aecf4c1cbe998e02cd62f.171.1484074405:42)

  phantomjs://platform/console++.js:263 in error
[ERROR - 2017-02-02T01:37:54.366Z] Session [0a8369e0-e8e8-11e6-b918-bfac0073842a] - page.onError - msg: Unhandled promise rejection undefined

  phantomjs://platform/console++.js:263 in error
[ERROR - 2017-02-02T01:37:54.366Z] Session [0a8369e0-e8e8-11e6-b918-bfac0073842a] - page.onError - stack:
  (anonymous function) (https://data.cityofnewyork.us/javascripts/build/dataset-landing-page/main.js?bc87cf326de5a6e9b89aecf4c1cbe998e02cd62f.171.1484074405:42)

  phantomjs://platform/console++.js:263 in error
[ERROR - 2017-02-02T01:37:55.792Z] Session [0a8369e0-e8e8-11e6-b918-bfac0073842a] - page.onError - msg: Unhandled promise rejection undefined

  phantomjs://platform/console++.js:263 in error
[ERROR - 2017-02-02T01:37:55.793Z] Session [0a8369e0-e8e8-11e6-b918-bfac0073842a] - page.onError - stack:
  (anonymous function) (https://data.cityofnewyork.us/javascripts/build/dataset-landing-page/main.js?bc87cf326de5a6e9b89aecf4c1cbe998e02cd62f.171.1484074405:42)

  phantomjs://platform/console++.js:263 in error
[ERROR - 2017-02-02T01:37:58.492Z] Session [0a8369e0-e8e8-11e6-b918-bfac0073842a] - page.onError - msg: Unhandled promise rejection undefined

  phantomjs://platform/console++.js:263 in error
[ERROR - 2017-02-02T01:37:58.492Z] Session [0a8369e0-e8e8-11e6-b918-bfac0073842a] - page.onError - stack:
  (anonymous function) (https://data.cityofnewyork.us/javascripts/build/dataset-landing-page/main.js?bc87cf326de5a6e9b89aecf4c1cbe998e02cd62f.171.1484074405:42)

  phantomjs://platform/console++.js:263 in error
[ERROR - 2017-02-02T01:37:59.778Z] Session [0a8369e0-e8e8-11e6-b918-bfac0073842a] - page.onError - msg: Unhandled promise rejection undefined

  phantomjs://platform/console++.js:263 in error
[ERROR - 2017-02-02T01:37:59.778Z] Session [0a8369e0-e8e8-11e6-b918-bfac0073842a] - page.onError - stack:
  (anonymous function) (https://data.cityofnewyork.us/javascripts/build/dataset-landing-page/main.js?bc87cf326de5a6e9b89aecf4c1cbe998e02cd62f.171.1484074405:42)

  phantomjs://platform/console++.js:263 in error
[ERROR - 2017-02-02T01:38:00.986Z] Session [0a8369e0-e8e8-11e6-b918-bfac0073842a] - page.onError - msg: Unhandled promise rejection undefined

  phantomjs://platform/console++.js:263 in error
[ERROR - 2017-02-02T01:38:00.986Z] Session [0a8369e0-e8e8-11e6-b918-bfac0073842a] - page.onError - stack:
  (anonymous function) (https://data.cityofnewyork.us/javascripts/build/dataset-landing-page/main.js?bc87cf326de5a6e9b89aecf4c1cbe998e02cd62f.171.1484074405:42)

  phantomjs://platform/console++.js:263 in error
[ERROR - 2017-02-02T01:38:02.148Z] Session [0a8369e0-e8e8-11e6-b918-bfac0073842a] - page.onError - msg: Unhandled promise rejection undefined

  phantomjs://platform/console++.js:263 in error
[ERROR - 2017-02-02T01:38:02.148Z] Session [0a8369e0-e8e8-11e6-b918-bfac0073842a] - page.onError - stack:
  (anonymous function) (https://data.cityofnewyork.us/javascripts/build/dataset-landing-page/main.js?bc87cf326de5a6e9b89aecf4c1cbe998e02cd62f.171.1484074405:42)

  phantomjs://platform/console++.js:263 in error
[ERROR - 2017-02-02T01:38:03.671Z] Session [0a8369e0-e8e8-11e6-b918-bfac0073842a] - page.onError - msg: Unhandled promise rejection undefined

  phantomjs://platform/console++.js:263 in error
[ERROR - 2017-02-02T01:38:03.672Z] Session [0a8369e0-e8e8-11e6-b918-bfac0073842a] - page.onError - stack:
  (anonymous function) (https://data.cityofnewyork.us/javascripts/build/dataset-landing-page/main.js?bc87cf326de5a6e9b89aecf4c1cbe998e02cd62f.171.1484074405:42)

  phantomjs://platform/console++.js:263 in error
[ERROR - 2017-02-02T01:38:05.005Z] Session [0a8369e0-e8e8-11e6-b918-bfac0073842a] - page.onError - msg: Unhandled promise rejection undefined

  phantomjs://platform/console++.js:263 in error
[ERROR - 2017-02-02T01:38:05.005Z] Session [0a8369e0-e8e8-11e6-b918-bfac0073842a] - page.onError - stack:
  (anonymous function) (https://data.cityofnewyork.us/javascripts/build/dataset-landing-page/main.js?bc87cf326de5a6e9b89aecf4c1cbe998e02cd62f.171.1484074405:42)

  phantomjs://platform/console++.js:263 in error
[ERROR - 2017-02-02T01:38:06.550Z] Session [0a8369e0-e8e8-11e6-b918-bfac0073842a] - page.onError - msg: Unhandled promise rejection undefined

  phantomjs://platform/console++.js:263 in error
[ERROR - 2017-02-02T01:38:06.551Z] Session [0a8369e0-e8e8-11e6-b918-bfac0073842a] - page.onError - stack:
  (anonymous function) (https://data.cityofnewyork.us/javascripts/build/dataset-landing-page/main.js?bc87cf326de5a6e9b89aecf4c1cbe998e02cd62f.171.1484074405:42)

  phantomjs://platform/console++.js:263 in error
[ERROR - 2017-02-02T01:38:07.605Z] Session [0a8369e0-e8e8-11e6-b918-bfac0073842a] - page.onError - msg: Unhandled promise rejection undefined

  phantomjs://platform/console++.js:263 in error
[ERROR - 2017-02-02T01:38:07.606Z] Session [0a8369e0-e8e8-11e6-b918-bfac0073842a] - page.onError - stack:
  (anonymous function) (https://data.cityofnewyork.us/javascripts/build/dataset-landing-page/main.js?bc87cf326de5a6e9b89aecf4c1cbe998e02cd62f.171.1484074405:42)

  phantomjs://platform/console++.js:263 in error
[ERROR - 2017-02-02T01:38:09.016Z] Session [0a8369e0-e8e8-11e6-b918-bfac0073842a] - page.onError - msg: Unhandled promise rejection undefined

  phantomjs://platform/console++.js:263 in error
[ERROR - 2017-02-02T01:38:09.016Z] Session [0a8369e0-e8e8-11e6-b918-bfac0073842a] - page.onError - stack:
  (anonymous function) (https://data.cityofnewyork.us/javascripts/build/dataset-landing-page/main.js?bc87cf326de5a6e9b89aecf4c1cbe998e02cd62f.171.1484074405:42)

  phantomjs://platform/console++.js:263 in error
[ERROR - 2017-02-02T01:38:10.264Z] Session [0a8369e0-e8e8-11e6-b918-bfac0073842a] - page.onError - msg: Unhandled promise rejection undefined

  phantomjs://platform/console++.js:263 in error
[ERROR - 2017-02-02T01:38:10.264Z] Session [0a8369e0-e8e8-11e6-b918-bfac0073842a] - page.onError - stack:
  (anonymous function) (https://data.cityofnewyork.us/javascripts/build/dataset-landing-page/main.js?bc87cf326de5a6e9b89aecf4c1cbe998e02cd62f.171.1484074405:42)

  phantomjs://platform/console++.js:263 in error
[ERROR - 2017-02-02T01:38:11.815Z] Session [0a8369e0-e8e8-11e6-b918-bfac0073842a] - page.onError - msg: Unhandled promise rejection undefined

  phantomjs://platform/console++.js:263 in error
[ERROR - 2017-02-02T01:38:11.816Z] Session [0a8369e0-e8e8-11e6-b918-bfac0073842a] - page.onError - stack:
  (anonymous function) (https://data.cityofnewyork.us/javascripts/build/dataset-landing-page/main.js?bc87cf326de5a6e9b89aecf4c1cbe998e02cd62f.171.1484074405:42)

  phantomjs://platform/console++.js:263 in error
[ERROR - 2017-02-02T01:38:12.997Z] Session [0a8369e0-e8e8-11e6-b918-bfac0073842a] - page.onError - msg: Unhandled promise rejection undefined

  phantomjs://platform/console++.js:263 in error
[ERROR - 2017-02-02T01:38:12.997Z] Session [0a8369e0-e8e8-11e6-b918-bfac0073842a] - page.onError - stack:
  (anonymous function) (https://data.cityofnewyork.us/javascripts/build/dataset-landing-page/main.js?bc87cf326de5a6e9b89aecf4c1cbe998e02cd62f.171.1484074405:42)

  phantomjs://platform/console++.js:263 in error
[ERROR - 2017-02-02T01:38:14.496Z] Session [0a8369e0-e8e8-11e6-b918-bfac0073842a] - page.onError - msg: Unhandled promise rejection undefined

  phantomjs://platform/console++.js:263 in error
[ERROR - 2017-02-02T01:38:14.496Z] Session [0a8369e0-e8e8-11e6-b918-bfac0073842a] - page.onError - stack:
  (anonymous function) (https://data.cityofnewyork.us/javascripts/build/dataset-landing-page/main.js?bc87cf326de5a6e9b89aecf4c1cbe998e02cd62f.171.1484074405:42)

  phantomjs://platform/console++.js:263 in error
[ERROR - 2017-02-02T01:38:15.925Z] Session [0a8369e0-e8e8-11e6-b918-bfac0073842a] - page.onError - msg: Unhandled promise rejection undefined

  phantomjs://platform/console++.js:263 in error
[ERROR - 2017-02-02T01:38:15.925Z] Session [0a8369e0-e8e8-11e6-b918-bfac0073842a] - page.onError - stack:
  (anonymous function) (https://data.cityofnewyork.us/javascripts/build/dataset-landing-page/main.js?bc87cf326de5a6e9b89aecf4c1cbe998e02cd62f.171.1484074405:42)

  phantomjs://platform/console++.js:263 in error
[ERROR - 2017-02-02T01:38:17.515Z] Session [0a8369e0-e8e8-11e6-b918-bfac0073842a] - page.onError - msg: Unhandled promise rejection undefined

  phantomjs://platform/console++.js:263 in error
[ERROR - 2017-02-02T01:38:17.516Z] Session [0a8369e0-e8e8-11e6-b918-bfac0073842a] - page.onError - stack:
  (anonymous function) (https://data.cityofnewyork.us/javascripts/build/dataset-landing-page/main.js?bc87cf326de5a6e9b89aecf4c1cbe998e02cd62f.171.1484074405:42)

  phantomjs://platform/console++.js:263 in error
[ERROR - 2017-02-02T01:38:20.271Z] Session [0a8369e0-e8e8-11e6-b918-bfac0073842a] - page.onError - msg: Unhandled promise rejection undefined

  phantomjs://platform/console++.js:263 in error
[ERROR - 2017-02-02T01:38:20.272Z] Session [0a8369e0-e8e8-11e6-b918-bfac0073842a] - page.onError - stack:
  (anonymous function) (https://data.cityofnewyork.us/javascripts/build/dataset-landing-page/main.js?bc87cf326de5a6e9b89aecf4c1cbe998e02cd62f.171.1484074405:42)

  phantomjs://platform/console++.js:263 in error
[ERROR - 2017-02-02T01:38:21.613Z] Session [0a8369e0-e8e8-11e6-b918-bfac0073842a] - page.onError - msg: Unhandled promise rejection undefined

  phantomjs://platform/console++.js:263 in error
[ERROR - 2017-02-02T01:38:21.613Z] Session [0a8369e0-e8e8-11e6-b918-bfac0073842a] - page.onError - stack:
  (anonymous function) (https://data.cityofnewyork.us/javascripts/build/dataset-landing-page/main.js?bc87cf326de5a6e9b89aecf4c1cbe998e02cd62f.171.1484074405:42)

  phantomjs://platform/console++.js:263 in error
[ERROR - 2017-02-02T01:38:23.132Z] Session [0a8369e0-e8e8-11e6-b918-bfac0073842a] - page.onError - msg: Unhandled promise rejection undefined

  phantomjs://platform/console++.js:263 in error
[ERROR - 2017-02-02T01:38:23.132Z] Session [0a8369e0-e8e8-11e6-b918-bfac0073842a] - page.onError - stack:
  (anonymous function) (https://data.cityofnewyork.us/javascripts/build/dataset-landing-page/main.js?bc87cf326de5a6e9b89aecf4c1cbe998e02cd62f.171.1484074405:42)

  phantomjs://platform/console++.js:263 in error
[ERROR - 2017-02-02T01:38:24.543Z] Session [0a8369e0-e8e8-11e6-b918-bfac0073842a] - page.onError - msg: Unhandled promise rejection undefined

  phantomjs://platform/console++.js:263 in error
[ERROR - 2017-02-02T01:38:24.543Z] Session [0a8369e0-e8e8-11e6-b918-bfac0073842a] - page.onError - stack:
  (anonymous function) (https://data.cityofnewyork.us/javascripts/build/dataset-landing-page/main.js?bc87cf326de5a6e9b89aecf4c1cbe998e02cd62f.171.1484074405:42)

  phantomjs://platform/console++.js:263 in error
[ERROR - 2017-02-02T01:38:25.773Z] Session [0a8369e0-e8e8-11e6-b918-bfac0073842a] - page.onError - msg: Unhandled promise rejection undefined

  phantomjs://platform/console++.js:263 in error
[ERROR - 2017-02-02T01:38:25.774Z] Session [0a8369e0-e8e8-11e6-b918-bfac0073842a] - page.onError - stack:
  (anonymous function) (https://data.cityofnewyork.us/javascripts/build/dataset-landing-page/main.js?bc87cf326de5a6e9b89aecf4c1cbe998e02cd62f.171.1484074405:42)

  phantomjs://platform/console++.js:263 in error
[ERROR - 2017-02-02T01:38:26.933Z] Session [0a8369e0-e8e8-11e6-b918-bfac0073842a] - page.onError - msg: Unhandled promise rejection undefined

  phantomjs://platform/console++.js:263 in error
[ERROR - 2017-02-02T01:38:26.934Z] Session [0a8369e0-e8e8-11e6-b918-bfac0073842a] - page.onError - stack:
  (anonymous function) (https://data.cityofnewyork.us/javascripts/build/dataset-landing-page/main.js?bc87cf326de5a6e9b89aecf4c1cbe998e02cd62f.171.1484074405:42)

  phantomjs://platform/console++.js:263 in error
[ERROR - 2017-02-02T01:38:28.155Z] Session [0a8369e0-e8e8-11e6-b918-bfac0073842a] - page.onError - msg: Unhandled promise rejection undefined

  phantomjs://platform/console++.js:263 in error
[ERROR - 2017-02-02T01:38:28.156Z] Session [0a8369e0-e8e8-11e6-b918-bfac0073842a] - page.onError - stack:
  (anonymous function) (https://data.cityofnewyork.us/javascripts/build/dataset-landing-page/main.js?bc87cf326de5a6e9b89aecf4c1cbe998e02cd62f.171.1484074405:42)

  phantomjs://platform/console++.js:263 in error
[ERROR - 2017-02-02T01:38:29.834Z] Session [0a8369e0-e8e8-11e6-b918-bfac0073842a] - page.onError - msg: Unhandled promise rejection undefined

  phantomjs://platform/console++.js:263 in error
[ERROR - 2017-02-02T01:38:29.834Z] Session [0a8369e0-e8e8-11e6-b918-bfac0073842a] - page.onError - stack:
  (anonymous function) (https://data.cityofnewyork.us/javascripts/build/dataset-landing-page/main.js?bc87cf326de5a6e9b89aecf4c1cbe998e02cd62f.171.1484074405:42)

  phantomjs://platform/console++.js:263 in error
[ERROR - 2017-02-02T01:38:30.936Z] Session [0a8369e0-e8e8-11e6-b918-bfac0073842a] - page.onError - msg: Unhandled promise rejection undefined

  phantomjs://platform/console++.js:263 in error
[ERROR - 2017-02-02T01:38:30.936Z] Session [0a8369e0-e8e8-11e6-b918-bfac0073842a] - page.onError - stack:
  (anonymous function) (https://data.cityofnewyork.us/javascripts/build/dataset-landing-page/main.js?bc87cf326de5a6e9b89aecf4c1cbe998e02cd62f.171.1484074405:42)

  phantomjs://platform/console++.js:263 in error
[ERROR - 2017-02-02T01:38:32.321Z] Session [0a8369e0-e8e8-11e6-b918-bfac0073842a] - page.onError - msg: Unhandled promise rejection undefined

  phantomjs://platform/console++.js:263 in error
[ERROR - 2017-02-02T01:38:32.321Z] Session [0a8369e0-e8e8-11e6-b918-bfac0073842a] - page.onError - stack:
  (anonymous function) (https://data.cityofnewyork.us/javascripts/build/dataset-landing-page/main.js?bc87cf326de5a6e9b89aecf4c1cbe998e02cd62f.171.1484074405:42)

  phantomjs://platform/console++.js:263 in error
[ERROR - 2017-02-02T01:38:33.601Z] Session [0a8369e0-e8e8-11e6-b918-bfac0073842a] - page.onError - msg: Unhandled promise rejection undefined

  phantomjs://platform/console++.js:263 in error
[ERROR - 2017-02-02T01:38:33.601Z] Session [0a8369e0-e8e8-11e6-b918-bfac0073842a] - page.onError - stack:
  (anonymous function) (https://data.cityofnewyork.us/javascripts/build/dataset-landing-page/main.js?bc87cf326de5a6e9b89aecf4c1cbe998e02cd62f.171.1484074405:42)

  phantomjs://platform/console++.js:263 in error
[ERROR - 2017-02-02T01:38:34.780Z] Session [0a8369e0-e8e8-11e6-b918-bfac0073842a] - page.onError - msg: Unhandled promise rejection undefined

  phantomjs://platform/console++.js:263 in error
[ERROR - 2017-02-02T01:38:34.780Z] Session [0a8369e0-e8e8-11e6-b918-bfac0073842a] - page.onError - stack:
  (anonymous function) (https://data.cityofnewyork.us/javascripts/build/dataset-landing-page/main.js?bc87cf326de5a6e9b89aecf4c1cbe998e02cd62f.171.1484074405:42)

  phantomjs://platform/console++.js:263 in error
[ERROR - 2017-02-02T01:38:35.995Z] Session [0a8369e0-e8e8-11e6-b918-bfac0073842a] - page.onError - msg: Unhandled promise rejection undefined

  phantomjs://platform/console++.js:263 in error
[ERROR - 2017-02-02T01:38:35.995Z] Session [0a8369e0-e8e8-11e6-b918-bfac0073842a] - page.onError - stack:
  (anonymous function) (https://data.cityofnewyork.us/javascripts/build/dataset-landing-page/main.js?bc87cf326de5a6e9b89aecf4c1cbe998e02cd62f.171.1484074405:42)

  phantomjs://platform/console++.js:263 in error
[ERROR - 2017-02-02T01:38:37.484Z] Session [0a8369e0-e8e8-11e6-b918-bfac0073842a] - page.onError - msg: Unhandled promise rejection undefined

  phantomjs://platform/console++.js:263 in error
[ERROR - 2017-02-02T01:38:37.484Z] Session [0a8369e0-e8e8-11e6-b918-bfac0073842a] - page.onError - stack:
  (anonymous function) (https://data.cityofnewyork.us/javascripts/build/dataset-landing-page/main.js?bc87cf326de5a6e9b89aecf4c1cbe998e02cd62f.171.1484074405:42)

  phantomjs://platform/console++.js:263 in error
[ERROR - 2017-02-02T01:38:38.657Z] Session [0a8369e0-e8e8-11e6-b918-bfac0073842a] - page.onError - msg: Unhandled promise rejection undefined

  phantomjs://platform/console++.js:263 in error
[ERROR - 2017-02-02T01:38:38.657Z] Session [0a8369e0-e8e8-11e6-b918-bfac0073842a] - page.onError - stack:
  (anonymous function) (https://data.cityofnewyork.us/javascripts/build/dataset-landing-page/main.js?bc87cf326de5a6e9b89aecf4c1cbe998e02cd62f.171.1484074405:42)

  phantomjs://platform/console++.js:263 in error
[ERROR - 2017-02-02T01:38:40.004Z] Session [0a8369e0-e8e8-11e6-b918-bfac0073842a] - page.onError - msg: Unhandled promise rejection undefined

  phantomjs://platform/console++.js:263 in error
[ERROR - 2017-02-02T01:38:40.004Z] Session [0a8369e0-e8e8-11e6-b918-bfac0073842a] - page.onError - stack:
  (anonymous function) (https://data.cityofnewyork.us/javascripts/build/dataset-landing-page/main.js?bc87cf326de5a6e9b89aecf4c1cbe998e02cd62f.171.1484074405:42)

  phantomjs://platform/console++.js:263 in error
[ERROR - 2017-02-02T01:38:41.327Z] Session [0a8369e0-e8e8-11e6-b918-bfac0073842a] - page.onError - msg: Unhandled promise rejection undefined

  phantomjs://platform/console++.js:263 in error
[ERROR - 2017-02-02T01:38:41.327Z] Session [0a8369e0-e8e8-11e6-b918-bfac0073842a] - page.onError - stack:
  (anonymous function) (https://data.cityofnewyork.us/javascripts/build/dataset-landing-page/main.js?bc87cf326de5a6e9b89aecf4c1cbe998e02cd62f.171.1484074405:42)

  phantomjs://platform/console++.js:263 in error
[ERROR - 2017-02-02T01:38:42.712Z] Session [0a8369e0-e8e8-11e6-b918-bfac0073842a] - page.onError - msg: Unhandled promise rejection undefined

  phantomjs://platform/console++.js:263 in error
[ERROR - 2017-02-02T01:38:42.712Z] Session [0a8369e0-e8e8-11e6-b918-bfac0073842a] - page.onError - stack:
  (anonymous function) (https://data.cityofnewyork.us/javascripts/build/dataset-landing-page/main.js?bc87cf326de5a6e9b89aecf4c1cbe998e02cd62f.171.1484074405:42)

  phantomjs://platform/console++.js:263 in error
[ERROR - 2017-02-02T01:38:43.880Z] Session [0a8369e0-e8e8-11e6-b918-bfac0073842a] - page.onError - msg: Unhandled promise rejection undefined

  phantomjs://platform/console++.js:263 in error
[ERROR - 2017-02-02T01:38:43.880Z] Session [0a8369e0-e8e8-11e6-b918-bfac0073842a] - page.onError - stack:
  (anonymous function) (https://data.cityofnewyork.us/javascripts/build/dataset-landing-page/main.js?bc87cf326de5a6e9b89aecf4c1cbe998e02cd62f.171.1484074405:42)

  phantomjs://platform/console++.js:263 in error
[ERROR - 2017-02-02T01:38:45.170Z] Session [0a8369e0-e8e8-11e6-b918-bfac0073842a] - page.onError - msg: Unhandled promise rejection undefined

  phantomjs://platform/console++.js:263 in error
[ERROR - 2017-02-02T01:38:45.170Z] Session [0a8369e0-e8e8-11e6-b918-bfac0073842a] - page.onError - stack:
  (anonymous function) (https://data.cityofnewyork.us/javascripts/build/dataset-landing-page/main.js?bc87cf326de5a6e9b89aecf4c1cbe998e02cd62f.171.1484074405:42)

  phantomjs://platform/console++.js:263 in error
[ERROR - 2017-02-02T01:38:46.338Z] Session [0a8369e0-e8e8-11e6-b918-bfac0073842a] - page.onError - msg: Unhandled promise rejection undefined

  phantomjs://platform/console++.js:263 in error
[ERROR - 2017-02-02T01:38:46.339Z] Session [0a8369e0-e8e8-11e6-b918-bfac0073842a] - page.onError - stack:
  (anonymous function) (https://data.cityofnewyork.us/javascripts/build/dataset-landing-page/main.js?bc87cf326de5a6e9b89aecf4c1cbe998e02cd62f.171.1484074405:42)

  phantomjs://platform/console++.js:263 in error
[ERROR - 2017-02-02T01:38:47.523Z] Session [0a8369e0-e8e8-11e6-b918-bfac0073842a] - page.onError - msg: Unhandled promise rejection undefined

  phantomjs://platform/console++.js:263 in error
[ERROR - 2017-02-02T01:38:47.524Z] Session [0a8369e0-e8e8-11e6-b918-bfac0073842a] - page.onError - stack:
  (anonymous function) (https://data.cityofnewyork.us/javascripts/build/dataset-landing-page/main.js?bc87cf326de5a6e9b89aecf4c1cbe998e02cd62f.171.1484074405:42)

  phantomjs://platform/console++.js:263 in error
[ERROR - 2017-02-02T01:38:49.014Z] Session [0a8369e0-e8e8-11e6-b918-bfac0073842a] - page.onError - msg: Unhandled promise rejection undefined

  phantomjs://platform/console++.js:263 in error
[ERROR - 2017-02-02T01:38:49.014Z] Session [0a8369e0-e8e8-11e6-b918-bfac0073842a] - page.onError - stack:
  (anonymous function) (https://data.cityofnewyork.us/javascripts/build/dataset-landing-page/main.js?bc87cf326de5a6e9b89aecf4c1cbe998e02cd62f.171.1484074405:42)

  phantomjs://platform/console++.js:263 in error
[ERROR - 2017-02-02T01:38:50.301Z] Session [0a8369e0-e8e8-11e6-b918-bfac0073842a] - page.onError - msg: Unhandled promise rejection undefined

  phantomjs://platform/console++.js:263 in error
[ERROR - 2017-02-02T01:38:50.301Z] Session [0a8369e0-e8e8-11e6-b918-bfac0073842a] - page.onError - stack:
  (anonymous function) (https://data.cityofnewyork.us/javascripts/build/dataset-landing-page/main.js?bc87cf326de5a6e9b89aecf4c1cbe998e02cd62f.171.1484074405:42)

  phantomjs://platform/console++.js:263 in error
[ERROR - 2017-02-02T01:38:51.887Z] Session [0a8369e0-e8e8-11e6-b918-bfac0073842a] - page.onError - msg: Unhandled promise rejection undefined

  phantomjs://platform/console++.js:263 in error
[ERROR - 2017-02-02T01:38:51.887Z] Session [0a8369e0-e8e8-11e6-b918-bfac0073842a] - page.onError - stack:
  (anonymous function) (https://data.cityofnewyork.us/javascripts/build/dataset-landing-page/main.js?bc87cf326de5a6e9b89aecf4c1cbe998e02cd62f.171.1484074405:42)

  phantomjs://platform/console++.js:263 in error
[ERROR - 2017-02-02T01:38:53.132Z] Session [0a8369e0-e8e8-11e6-b918-bfac0073842a] - page.onError - msg: Unhandled promise rejection undefined

  phantomjs://platform/console++.js:263 in error
[ERROR - 2017-02-02T01:38:53.132Z] Session [0a8369e0-e8e8-11e6-b918-bfac0073842a] - page.onError - stack:
  (anonymous function) (https://data.cityofnewyork.us/javascripts/build/dataset-landing-page/main.js?bc87cf326de5a6e9b89aecf4c1cbe998e02cd62f.171.1484074405:42)

  phantomjs://platform/console++.js:263 in error
[ERROR - 2017-02-02T01:38:54.442Z] Session [0a8369e0-e8e8-11e6-b918-bfac0073842a] - page.onError - msg: Unhandled promise rejection undefined

  phantomjs://platform/console++.js:263 in error
[ERROR - 2017-02-02T01:38:54.442Z] Session [0a8369e0-e8e8-11e6-b918-bfac0073842a] - page.onError - stack:
  (anonymous function) (https://data.cityofnewyork.us/javascripts/build/dataset-landing-page/main.js?bc87cf326de5a6e9b89aecf4c1cbe998e02cd62f.171.1484074405:42)

  phantomjs://platform/console++.js:263 in error
[ERROR - 2017-02-02T01:38:56.027Z] Session [0a8369e0-e8e8-11e6-b918-bfac0073842a] - page.onError - msg: Unhandled promise rejection undefined

  phantomjs://platform/console++.js:263 in error
[ERROR - 2017-02-02T01:38:56.028Z] Session [0a8369e0-e8e8-11e6-b918-bfac0073842a] - page.onError - stack:
  (anonymous function) (https://data.cityofnewyork.us/javascripts/build/dataset-landing-page/main.js?bc87cf326de5a6e9b89aecf4c1cbe998e02cd62f.171.1484074405:42)

  phantomjs://platform/console++.js:263 in error
[ERROR - 2017-02-02T01:38:57.188Z] Session [0a8369e0-e8e8-11e6-b918-bfac0073842a] - page.onError - msg: Unhandled promise rejection undefined

  phantomjs://platform/console++.js:263 in error
[ERROR - 2017-02-02T01:38:57.188Z] Session [0a8369e0-e8e8-11e6-b918-bfac0073842a] - page.onError - stack:
  (anonymous function) (https://data.cityofnewyork.us/javascripts/build/dataset-landing-page/main.js?bc87cf326de5a6e9b89aecf4c1cbe998e02cd62f.171.1484074405:42)

  phantomjs://platform/console++.js:263 in error
[ERROR - 2017-02-02T01:38:58.508Z] Session [0a8369e0-e8e8-11e6-b918-bfac0073842a] - page.onError - msg: Unhandled promise rejection undefined

  phantomjs://platform/console++.js:263 in error
[ERROR - 2017-02-02T01:38:58.509Z] Session [0a8369e0-e8e8-11e6-b918-bfac0073842a] - page.onError - stack:
  (anonymous function) (https://data.cityofnewyork.us/javascripts/build/dataset-landing-page/main.js?bc87cf326de5a6e9b89aecf4c1cbe998e02cd62f.171.1484074405:42)

  phantomjs://platform/console++.js:263 in error
[ERROR - 2017-02-02T01:38:59.593Z] Session [0a8369e0-e8e8-11e6-b918-bfac0073842a] - page.onError - msg: Unhandled promise rejection undefined

  phantomjs://platform/console++.js:263 in error
[ERROR - 2017-02-02T01:38:59.594Z] Session [0a8369e0-e8e8-11e6-b918-bfac0073842a] - page.onError - stack:
  (anonymous function) (https://data.cityofnewyork.us/javascripts/build/dataset-landing-page/main.js?bc87cf326de5a6e9b89aecf4c1cbe998e02cd62f.171.1484074405:42)

  phantomjs://platform/console++.js:263 in error
[ERROR - 2017-02-02T01:39:02.657Z] Session [0a8369e0-e8e8-11e6-b918-bfac0073842a] - page.onError - msg: Unhandled promise rejection undefined

  phantomjs://platform/console++.js:263 in error
[ERROR - 2017-02-02T01:39:02.658Z] Session [0a8369e0-e8e8-11e6-b918-bfac0073842a] - page.onError - stack:
  (anonymous function) (https://data.cityofnewyork.us/javascripts/build/dataset-landing-page/main.js?bc87cf326de5a6e9b89aecf4c1cbe998e02cd62f.171.1484074405:42)

  phantomjs://platform/console++.js:263 in error
[ERROR - 2017-02-02T01:39:04.040Z] Session [0a8369e0-e8e8-11e6-b918-bfac0073842a] - page.onError - msg: Unhandled promise rejection undefined

  phantomjs://platform/console++.js:263 in error
[ERROR - 2017-02-02T01:39:04.041Z] Session [0a8369e0-e8e8-11e6-b918-bfac0073842a] - page.onError - stack:
  (anonymous function) (https://data.cityofnewyork.us/javascripts/build/dataset-landing-page/main.js?bc87cf326de5a6e9b89aecf4c1cbe998e02cd62f.171.1484074405:42)

  phantomjs://platform/console++.js:263 in error
[ERROR - 2017-02-02T01:39:05.840Z] Session [0a8369e0-e8e8-11e6-b918-bfac0073842a] - page.onError - msg: Unhandled promise rejection undefined

  phantomjs://platform/console++.js:263 in error
[ERROR - 2017-02-02T01:39:05.840Z] Session [0a8369e0-e8e8-11e6-b918-bfac0073842a] - page.onError - stack:
  (anonymous function) (https://data.cityofnewyork.us/javascripts/build/dataset-landing-page/main.js?bc87cf326de5a6e9b89aecf4c1cbe998e02cd62f.171.1484074405:42)

  phantomjs://platform/console++.js:263 in error
[ERROR - 2017-02-02T01:39:07.153Z] Session [0a8369e0-e8e8-11e6-b918-bfac0073842a] - page.onError - msg: Unhandled promise rejection undefined

  phantomjs://platform/console++.js:263 in error
[ERROR - 2017-02-02T01:39:07.153Z] Session [0a8369e0-e8e8-11e6-b918-bfac0073842a] - page.onError - stack:
  (anonymous function) (https://data.cityofnewyork.us/javascripts/build/dataset-landing-page/main.js?bc87cf326de5a6e9b89aecf4c1cbe998e02cd62f.171.1484074405:42)

  phantomjs://platform/console++.js:263 in error
[ERROR - 2017-02-02T01:39:08.675Z] Session [0a8369e0-e8e8-11e6-b918-bfac0073842a] - page.onError - msg: Unhandled promise rejection undefined

  phantomjs://platform/console++.js:263 in error
[ERROR - 2017-02-02T01:39:08.675Z] Session [0a8369e0-e8e8-11e6-b918-bfac0073842a] - page.onError - stack:
  (anonymous function) (https://data.cityofnewyork.us/javascripts/build/dataset-landing-page/main.js?bc87cf326de5a6e9b89aecf4c1cbe998e02cd62f.171.1484074405:42)

  phantomjs://platform/console++.js:263 in error
[ERROR - 2017-02-02T01:39:10.087Z] Session [0a8369e0-e8e8-11e6-b918-bfac0073842a] - page.onError - msg: Unhandled promise rejection undefined

  phantomjs://platform/console++.js:263 in error
[ERROR - 2017-02-02T01:39:10.088Z] Session [0a8369e0-e8e8-11e6-b918-bfac0073842a] - page.onError - stack:
  (anonymous function) (https://data.cityofnewyork.us/javascripts/build/dataset-landing-page/main.js?bc87cf326de5a6e9b89aecf4c1cbe998e02cd62f.171.1484074405:42)

  phantomjs://platform/console++.js:263 in error
[ERROR - 2017-02-02T01:39:11.437Z] Session [0a8369e0-e8e8-11e6-b918-bfac0073842a] - page.onError - msg: Unhandled promise rejection undefined

  phantomjs://platform/console++.js:263 in error
[ERROR - 2017-02-02T01:39:11.437Z] Session [0a8369e0-e8e8-11e6-b918-bfac0073842a] - page.onError - stack:
  (anonymous function) (https://data.cityofnewyork.us/javascripts/build/dataset-landing-page/main.js?bc87cf326de5a6e9b89aecf4c1cbe998e02cd62f.171.1484074405:42)

  phantomjs://platform/console++.js:263 in error
[ERROR - 2017-02-02T01:39:12.715Z] Session [0a8369e0-e8e8-11e6-b918-bfac0073842a] - page.onError - msg: Unhandled promise rejection undefined

  phantomjs://platform/console++.js:263 in error
[ERROR - 2017-02-02T01:39:12.715Z] Session [0a8369e0-e8e8-11e6-b918-bfac0073842a] - page.onError - stack:
  (anonymous function) (https://data.cityofnewyork.us/javascripts/build/dataset-landing-page/main.js?bc87cf326de5a6e9b89aecf4c1cbe998e02cd62f.171.1484074405:42)

  phantomjs://platform/console++.js:263 in error
[ERROR - 2017-02-02T01:39:14.167Z] Session [0a8369e0-e8e8-11e6-b918-bfac0073842a] - page.onError - msg: Unhandled promise rejection undefined

  phantomjs://platform/console++.js:263 in error
[ERROR - 2017-02-02T01:39:14.168Z] Session [0a8369e0-e8e8-11e6-b918-bfac0073842a] - page.onError - stack:
  (anonymous function) (https://data.cityofnewyork.us/javascripts/build/dataset-landing-page/main.js?bc87cf326de5a6e9b89aecf4c1cbe998e02cd62f.171.1484074405:42)

  phantomjs://platform/console++.js:263 in error
[ERROR - 2017-02-02T01:39:15.592Z] Session [0a8369e0-e8e8-11e6-b918-bfac0073842a] - page.onError - msg: Unhandled promise rejection undefined

  phantomjs://platform/console++.js:263 in error
[ERROR - 2017-02-02T01:39:15.592Z] Session [0a8369e0-e8e8-11e6-b918-bfac0073842a] - page.onError - stack:
  (anonymous function) (https://data.cityofnewyork.us/javascripts/build/dataset-landing-page/main.js?bc87cf326de5a6e9b89aecf4c1cbe998e02cd62f.171.1484074405:42)

  phantomjs://platform/console++.js:263 in error
[ERROR - 2017-02-02T01:39:16.688Z] Session [0a8369e0-e8e8-11e6-b918-bfac0073842a] - page.onError - msg: Unhandled promise rejection undefined

  phantomjs://platform/console++.js:263 in error
[ERROR - 2017-02-02T01:39:16.689Z] Session [0a8369e0-e8e8-11e6-b918-bfac0073842a] - page.onError - stack:
  (anonymous function) (https://data.cityofnewyork.us/javascripts/build/dataset-landing-page/main.js?bc87cf326de5a6e9b89aecf4c1cbe998e02cd62f.171.1484074405:42)

  phantomjs://platform/console++.js:263 in error
[ERROR - 2017-02-02T01:39:18.130Z] Session [0a8369e0-e8e8-11e6-b918-bfac0073842a] - page.onError - msg: Unhandled promise rejection undefined

  phantomjs://platform/console++.js:263 in error
[ERROR - 2017-02-02T01:39:18.131Z] Session [0a8369e0-e8e8-11e6-b918-bfac0073842a] - page.onError - stack:
  (anonymous function) (https://data.cityofnewyork.us/javascripts/build/dataset-landing-page/main.js?bc87cf326de5a6e9b89aecf4c1cbe998e02cd62f.171.1484074405:42)

  phantomjs://platform/console++.js:263 in error
[ERROR - 2017-02-02T01:39:19.368Z] Session [0a8369e0-e8e8-11e6-b918-bfac0073842a] - page.onError - msg: Unhandled promise rejection undefined

  phantomjs://platform/console++.js:263 in error
[ERROR - 2017-02-02T01:39:19.368Z] Session [0a8369e0-e8e8-11e6-b918-bfac0073842a] - page.onError - stack:
  (anonymous function) (https://data.cityofnewyork.us/javascripts/build/dataset-landing-page/main.js?bc87cf326de5a6e9b89aecf4c1cbe998e02cd62f.171.1484074405:42)

  phantomjs://platform/console++.js:263 in error
[ERROR - 2017-02-02T01:39:20.720Z] Session [0a8369e0-e8e8-11e6-b918-bfac0073842a] - page.onError - msg: Unhandled promise rejection undefined

  phantomjs://platform/console++.js:263 in error
[ERROR - 2017-02-02T01:39:20.720Z] Session [0a8369e0-e8e8-11e6-b918-bfac0073842a] - page.onError - stack:
  (anonymous function) (https://data.cityofnewyork.us/javascripts/build/dataset-landing-page/main.js?bc87cf326de5a6e9b89aecf4c1cbe998e02cd62f.171.1484074405:42)

  phantomjs://platform/console++.js:263 in error
[ERROR - 2017-02-02T01:39:22.010Z] Session [0a8369e0-e8e8-11e6-b918-bfac0073842a] - page.onError - msg: Unhandled promise rejection undefined

  phantomjs://platform/console++.js:263 in error
[ERROR - 2017-02-02T01:39:22.011Z] Session [0a8369e0-e8e8-11e6-b918-bfac0073842a] - page.onError - stack:
  (anonymous function) (https://data.cityofnewyork.us/javascripts/build/dataset-landing-page/main.js?bc87cf326de5a6e9b89aecf4c1cbe998e02cd62f.171.1484074405:42)

  phantomjs://platform/console++.js:263 in error
[ERROR - 2017-02-02T01:39:23.534Z] Session [0a8369e0-e8e8-11e6-b918-bfac0073842a] - page.onError - msg: Unhandled promise rejection undefined

  phantomjs://platform/console++.js:263 in error
[ERROR - 2017-02-02T01:39:23.534Z] Session [0a8369e0-e8e8-11e6-b918-bfac0073842a] - page.onError - stack:
  (anonymous function) (https://data.cityofnewyork.us/javascripts/build/dataset-landing-page/main.js?bc87cf326de5a6e9b89aecf4c1cbe998e02cd62f.171.1484074405:42)

  phantomjs://platform/console++.js:263 in error
[ERROR - 2017-02-02T01:39:24.634Z] Session [0a8369e0-e8e8-11e6-b918-bfac0073842a] - page.onError - msg: Unhandled promise rejection undefined

  phantomjs://platform/console++.js:263 in error
[ERROR - 2017-02-02T01:39:24.634Z] Session [0a8369e0-e8e8-11e6-b918-bfac0073842a] - page.onError - stack:
  (anonymous function) (https://data.cityofnewyork.us/javascripts/build/dataset-landing-page/main.js?bc87cf326de5a6e9b89aecf4c1cbe998e02cd62f.171.1484074405:42)

  phantomjs://platform/console++.js:263 in error
[ERROR - 2017-02-02T01:39:25.951Z] Session [0a8369e0-e8e8-11e6-b918-bfac0073842a] - page.onError - msg: Unhandled promise rejection undefined

  phantomjs://platform/console++.js:263 in error
[ERROR - 2017-02-02T01:39:25.951Z] Session [0a8369e0-e8e8-11e6-b918-bfac0073842a] - page.onError - stack:
  (anonymous function) (https://data.cityofnewyork.us/javascripts/build/dataset-landing-page/main.js?bc87cf326de5a6e9b89aecf4c1cbe998e02cd62f.171.1484074405:42)

  phantomjs://platform/console++.js:263 in error
[ERROR - 2017-02-02T01:39:28.715Z] Session [0a8369e0-e8e8-11e6-b918-bfac0073842a] - page.onError - msg: Unhandled promise rejection undefined

  phantomjs://platform/console++.js:263 in error
[ERROR - 2017-02-02T01:39:28.715Z] Session [0a8369e0-e8e8-11e6-b918-bfac0073842a] - page.onError - stack:
  (anonymous function) (https://data.cityofnewyork.us/javascripts/build/dataset-landing-page/main.js?bc87cf326de5a6e9b89aecf4c1cbe998e02cd62f.171.1484074405:42)

  phantomjs://platform/console++.js:263 in error
[ERROR - 2017-02-02T01:39:30.107Z] Session [0a8369e0-e8e8-11e6-b918-bfac0073842a] - page.onError - msg: Unhandled promise rejection undefined

  phantomjs://platform/console++.js:263 in error
[ERROR - 2017-02-02T01:39:30.107Z] Session [0a8369e0-e8e8-11e6-b918-bfac0073842a] - page.onError - stack:
  (anonymous function) (https://data.cityofnewyork.us/javascripts/build/dataset-landing-page/main.js?bc87cf326de5a6e9b89aecf4c1cbe998e02cd62f.171.1484074405:42)

  phantomjs://platform/console++.js:263 in error
[ERROR - 2017-02-02T01:39:31.283Z] Session [0a8369e0-e8e8-11e6-b918-bfac0073842a] - page.onError - msg: Unhandled promise rejection undefined

  phantomjs://platform/console++.js:263 in error
[ERROR - 2017-02-02T01:39:31.285Z] Session [0a8369e0-e8e8-11e6-b918-bfac0073842a] - page.onError - stack:
  (anonymous function) (https://data.cityofnewyork.us/javascripts/build/dataset-landing-page/main.js?bc87cf326de5a6e9b89aecf4c1cbe998e02cd62f.171.1484074405:42)

  phantomjs://platform/console++.js:263 in error
[ERROR - 2017-02-02T01:39:33.033Z] Session [0a8369e0-e8e8-11e6-b918-bfac0073842a] - page.onError - msg: Unhandled promise rejection undefined

  phantomjs://platform/console++.js:263 in error
[ERROR - 2017-02-02T01:39:33.033Z] Session [0a8369e0-e8e8-11e6-b918-bfac0073842a] - page.onError - stack:
  (anonymous function) (https://data.cityofnewyork.us/javascripts/build/dataset-landing-page/main.js?bc87cf326de5a6e9b89aecf4c1cbe998e02cd62f.171.1484074405:42)

  phantomjs://platform/console++.js:263 in error
[ERROR - 2017-02-02T01:39:34.278Z] Session [0a8369e0-e8e8-11e6-b918-bfac0073842a] - page.onError - msg: Unhandled promise rejection undefined

  phantomjs://platform/console++.js:263 in error
[ERROR - 2017-02-02T01:39:34.279Z] Session [0a8369e0-e8e8-11e6-b918-bfac0073842a] - page.onError - stack:
  (anonymous function) (https://data.cityofnewyork.us/javascripts/build/dataset-landing-page/main.js?bc87cf326de5a6e9b89aecf4c1cbe998e02cd62f.171.1484074405:42)

  phantomjs://platform/console++.js:263 in error
[ERROR - 2017-02-02T01:39:35.931Z] Session [0a8369e0-e8e8-11e6-b918-bfac0073842a] - page.onError - msg: Unhandled promise rejection undefined

  phantomjs://platform/console++.js:263 in error
[ERROR - 2017-02-02T01:39:35.931Z] Session [0a8369e0-e8e8-11e6-b918-bfac0073842a] - page.onError - stack:
  (anonymous function) (https://data.cityofnewyork.us/javascripts/build/dataset-landing-page/main.js?bc87cf326de5a6e9b89aecf4c1cbe998e02cd62f.171.1484074405:42)

  phantomjs://platform/console++.js:263 in error
[ERROR - 2017-02-02T01:39:37.144Z] Session [0a8369e0-e8e8-11e6-b918-bfac0073842a] - page.onError - msg: Unhandled promise rejection undefined

  phantomjs://platform/console++.js:263 in error
[ERROR - 2017-02-02T01:39:37.144Z] Session [0a8369e0-e8e8-11e6-b918-bfac0073842a] - page.onError - stack:
  (anonymous function) (https://data.cityofnewyork.us/javascripts/build/dataset-landing-page/main.js?bc87cf326de5a6e9b89aecf4c1cbe998e02cd62f.171.1484074405:42)

  phantomjs://platform/console++.js:263 in error
[ERROR - 2017-02-02T01:39:38.482Z] Session [0a8369e0-e8e8-11e6-b918-bfac0073842a] - page.onError - msg: Unhandled promise rejection undefined

  phantomjs://platform/console++.js:263 in error
[ERROR - 2017-02-02T01:39:38.482Z] Session [0a8369e0-e8e8-11e6-b918-bfac0073842a] - page.onError - stack:
  (anonymous function) (https://data.cityofnewyork.us/javascripts/build/dataset-landing-page/main.js?bc87cf326de5a6e9b89aecf4c1cbe998e02cd62f.171.1484074405:42)

  phantomjs://platform/console++.js:263 in error
[ERROR - 2017-02-02T01:39:39.616Z] Session [0a8369e0-e8e8-11e6-b918-bfac0073842a] - page.onError - msg: Unhandled promise rejection undefined

  phantomjs://platform/console++.js:263 in error
[ERROR - 2017-02-02T01:39:39.616Z] Session [0a8369e0-e8e8-11e6-b918-bfac0073842a] - page.onError - stack:
  (anonymous function) (https://data.cityofnewyork.us/javascripts/build/dataset-landing-page/main.js?bc87cf326de5a6e9b89aecf4c1cbe998e02cd62f.171.1484074405:42)

  phantomjs://platform/console++.js:263 in error
[ERROR - 2017-02-02T01:39:40.871Z] Session [0a8369e0-e8e8-11e6-b918-bfac0073842a] - page.onError - msg: Unhandled promise rejection undefined

  phantomjs://platform/console++.js:263 in error
[ERROR - 2017-02-02T01:39:40.871Z] Session [0a8369e0-e8e8-11e6-b918-bfac0073842a] - page.onError - stack:
  (anonymous function) (https://data.cityofnewyork.us/javascripts/build/dataset-landing-page/main.js?bc87cf326de5a6e9b89aecf4c1cbe998e02cd62f.171.1484074405:42)

  phantomjs://platform/console++.js:263 in error
[ERROR - 2017-02-02T01:39:42.028Z] Session [0a8369e0-e8e8-11e6-b918-bfac0073842a] - page.onError - msg: Unhandled promise rejection undefined

  phantomjs://platform/console++.js:263 in error
[ERROR - 2017-02-02T01:39:42.028Z] Session [0a8369e0-e8e8-11e6-b918-bfac0073842a] - page.onError - stack:
  (anonymous function) (https://data.cityofnewyork.us/javascripts/build/dataset-landing-page/main.js?bc87cf326de5a6e9b89aecf4c1cbe998e02cd62f.171.1484074405:42)

  phantomjs://platform/console++.js:263 in error
[ERROR - 2017-02-02T01:39:43.185Z] Session [0a8369e0-e8e8-11e6-b918-bfac0073842a] - page.onError - msg: Unhandled promise rejection undefined

  phantomjs://platform/console++.js:263 in error
[ERROR - 2017-02-02T01:39:43.186Z] Session [0a8369e0-e8e8-11e6-b918-bfac0073842a] - page.onError - stack:
  (anonymous function) (https://data.cityofnewyork.us/javascripts/build/dataset-landing-page/main.js?bc87cf326de5a6e9b89aecf4c1cbe998e02cd62f.171.1484074405:42)

  phantomjs://platform/console++.js:263 in error
[ERROR - 2017-02-02T01:39:44.468Z] Session [0a8369e0-e8e8-11e6-b918-bfac0073842a] - page.onError - msg: Unhandled promise rejection undefined

  phantomjs://platform/console++.js:263 in error
[ERROR - 2017-02-02T01:39:44.469Z] Session [0a8369e0-e8e8-11e6-b918-bfac0073842a] - page.onError - stack:
  (anonymous function) (https://data.cityofnewyork.us/javascripts/build/dataset-landing-page/main.js?bc87cf326de5a6e9b89aecf4c1cbe998e02cd62f.171.1484074405:42)

  phantomjs://platform/console++.js:263 in error
[ERROR - 2017-02-02T01:39:45.767Z] Session [0a8369e0-e8e8-11e6-b918-bfac0073842a] - page.onError - msg: Unhandled promise rejection undefined

  phantomjs://platform/console++.js:263 in error
[ERROR - 2017-02-02T01:39:45.767Z] Session [0a8369e0-e8e8-11e6-b918-bfac0073842a] - page.onError - stack:
  (anonymous function) (https://data.cityofnewyork.us/javascripts/build/dataset-landing-page/main.js?bc87cf326de5a6e9b89aecf4c1cbe998e02cd62f.171.1484074405:42)

  phantomjs://platform/console++.js:263 in error
[ERROR - 2017-02-02T01:39:46.980Z] Session [0a8369e0-e8e8-11e6-b918-bfac0073842a] - page.onError - msg: Unhandled promise rejection undefined

  phantomjs://platform/console++.js:263 in error
[ERROR - 2017-02-02T01:39:46.980Z] Session [0a8369e0-e8e8-11e6-b918-bfac0073842a] - page.onError - stack:
  (anonymous function) (https://data.cityofnewyork.us/javascripts/build/dataset-landing-page/main.js?bc87cf326de5a6e9b89aecf4c1cbe998e02cd62f.171.1484074405:42)

  phantomjs://platform/console++.js:263 in error
[ERROR - 2017-02-02T01:39:48.292Z] Session [0a8369e0-e8e8-11e6-b918-bfac0073842a] - page.onError - msg: Unhandled promise rejection undefined

  phantomjs://platform/console++.js:263 in error
[ERROR - 2017-02-02T01:39:48.292Z] Session [0a8369e0-e8e8-11e6-b918-bfac0073842a] - page.onError - stack:
  (anonymous function) (https://data.cityofnewyork.us/javascripts/build/dataset-landing-page/main.js?bc87cf326de5a6e9b89aecf4c1cbe998e02cd62f.171.1484074405:42)

  phantomjs://platform/console++.js:263 in error
[ERROR - 2017-02-02T01:39:49.863Z] Session [0a8369e0-e8e8-11e6-b918-bfac0073842a] - page.onError - msg: Unhandled promise rejection undefined

  phantomjs://platform/console++.js:263 in error
[ERROR - 2017-02-02T01:39:49.866Z] Session [0a8369e0-e8e8-11e6-b918-bfac0073842a] - page.onError - stack:
  (anonymous function) (https://data.cityofnewyork.us/javascripts/build/dataset-landing-page/main.js?bc87cf326de5a6e9b89aecf4c1cbe998e02cd62f.171.1484074405:42)

  phantomjs://platform/console++.js:263 in error
[ERROR - 2017-02-02T01:39:50.925Z] Session [0a8369e0-e8e8-11e6-b918-bfac0073842a] - page.onError - msg: Unhandled promise rejection undefined

  phantomjs://platform/console++.js:263 in error
[ERROR - 2017-02-02T01:39:50.925Z] Session [0a8369e0-e8e8-11e6-b918-bfac0073842a] - page.onError - stack:
  (anonymous function) (https://data.cityofnewyork.us/javascripts/build/dataset-landing-page/main.js?bc87cf326de5a6e9b89aecf4c1cbe998e02cd62f.171.1484074405:42)

  phantomjs://platform/console++.js:263 in error
[ERROR - 2017-02-02T01:39:52.474Z] Session [0a8369e0-e8e8-11e6-b918-bfac0073842a] - page.onError - msg: Unhandled promise rejection undefined

  phantomjs://platform/console++.js:263 in error
[ERROR - 2017-02-02T01:39:52.474Z] Session [0a8369e0-e8e8-11e6-b918-bfac0073842a] - page.onError - stack:
  (anonymous function) (https://data.cityofnewyork.us/javascripts/build/dataset-landing-page/main.js?bc87cf326de5a6e9b89aecf4c1cbe998e02cd62f.171.1484074405:42)

  phantomjs://platform/console++.js:263 in error
[ERROR - 2017-02-02T01:39:53.497Z] Session [0a8369e0-e8e8-11e6-b918-bfac0073842a] - page.onError - msg: Unhandled promise rejection undefined

  phantomjs://platform/console++.js:263 in error
[ERROR - 2017-02-02T01:39:53.498Z] Session [0a8369e0-e8e8-11e6-b918-bfac0073842a] - page.onError - stack:
  (anonymous function) (https://data.cityofnewyork.us/javascripts/build/dataset-landing-page/main.js?bc87cf326de5a6e9b89aecf4c1cbe998e02cd62f.171.1484074405:42)

  phantomjs://platform/console++.js:263 in error
[ERROR - 2017-02-02T01:39:54.889Z] Session [0a8369e0-e8e8-11e6-b918-bfac0073842a] - page.onError - msg: Unhandled promise rejection undefined

  phantomjs://platform/console++.js:263 in error
[ERROR - 2017-02-02T01:39:54.890Z] Session [0a8369e0-e8e8-11e6-b918-bfac0073842a] - page.onError - stack:
  (anonymous function) (https://data.cityofnewyork.us/javascripts/build/dataset-landing-page/main.js?bc87cf326de5a6e9b89aecf4c1cbe998e02cd62f.171.1484074405:42)

  phantomjs://platform/console++.js:263 in error
[ERROR - 2017-02-02T01:39:56.082Z] Session [0a8369e0-e8e8-11e6-b918-bfac0073842a] - page.onError - msg: Unhandled promise rejection undefined

  phantomjs://platform/console++.js:263 in error
[ERROR - 2017-02-02T01:39:56.083Z] Session [0a8369e0-e8e8-11e6-b918-bfac0073842a] - page.onError - stack:
  (anonymous function) (https://data.cityofnewyork.us/javascripts/build/dataset-landing-page/main.js?bc87cf326de5a6e9b89aecf4c1cbe998e02cd62f.171.1484074405:42)

  phantomjs://platform/console++.js:263 in error
[ERROR - 2017-02-02T01:39:57.279Z] Session [0a8369e0-e8e8-11e6-b918-bfac0073842a] - page.onError - msg: Unhandled promise rejection undefined

  phantomjs://platform/console++.js:263 in error
[ERROR - 2017-02-02T01:39:57.279Z] Session [0a8369e0-e8e8-11e6-b918-bfac0073842a] - page.onError - stack:
  (anonymous function) (https://data.cityofnewyork.us/javascripts/build/dataset-landing-page/main.js?bc87cf326de5a6e9b89aecf4c1cbe998e02cd62f.171.1484074405:42)

  phantomjs://platform/console++.js:263 in error
[ERROR - 2017-02-02T01:39:58.450Z] Session [0a8369e0-e8e8-11e6-b918-bfac0073842a] - page.onError - msg: Unhandled promise rejection undefined

  phantomjs://platform/console++.js:263 in error
[ERROR - 2017-02-02T01:39:58.450Z] Session [0a8369e0-e8e8-11e6-b918-bfac0073842a] - page.onError - stack:
  (anonymous function) (https://data.cityofnewyork.us/javascripts/build/dataset-landing-page/main.js?bc87cf326de5a6e9b89aecf4c1cbe998e02cd62f.171.1484074405:42)

  phantomjs://platform/console++.js:263 in error
[ERROR - 2017-02-02T01:39:59.703Z] Session [0a8369e0-e8e8-11e6-b918-bfac0073842a] - page.onError - msg: Unhandled promise rejection undefined

  phantomjs://platform/console++.js:263 in error
[ERROR - 2017-02-02T01:39:59.703Z] Session [0a8369e0-e8e8-11e6-b918-bfac0073842a] - page.onError - stack:
  (anonymous function) (https://data.cityofnewyork.us/javascripts/build/dataset-landing-page/main.js?bc87cf326de5a6e9b89aecf4c1cbe998e02cd62f.171.1484074405:42)

  phantomjs://platform/console++.js:263 in error
[ERROR - 2017-02-02T01:40:00.965Z] Session [0a8369e0-e8e8-11e6-b918-bfac0073842a] - page.onError - msg: Unhandled promise rejection undefined

  phantomjs://platform/console++.js:263 in error
[ERROR - 2017-02-02T01:40:00.966Z] Session [0a8369e0-e8e8-11e6-b918-bfac0073842a] - page.onError - stack:
  (anonymous function) (https://data.cityofnewyork.us/javascripts/build/dataset-landing-page/main.js?bc87cf326de5a6e9b89aecf4c1cbe998e02cd62f.171.1484074405:42)

  phantomjs://platform/console++.js:263 in error
[ERROR - 2017-02-02T01:40:02.230Z] Session [0a8369e0-e8e8-11e6-b918-bfac0073842a] - page.onError - msg: Unhandled promise rejection undefined

  phantomjs://platform/console++.js:263 in error
[ERROR - 2017-02-02T01:40:02.231Z] Session [0a8369e0-e8e8-11e6-b918-bfac0073842a] - page.onError - stack:
  (anonymous function) (https://data.cityofnewyork.us/javascripts/build/dataset-landing-page/main.js?bc87cf326de5a6e9b89aecf4c1cbe998e02cd62f.171.1484074405:42)

  phantomjs://platform/console++.js:263 in error
[ERROR - 2017-02-02T01:40:03.752Z] Session [0a8369e0-e8e8-11e6-b918-bfac0073842a] - page.onError - msg: Unhandled promise rejection undefined

  phantomjs://platform/console++.js:263 in error
[ERROR - 2017-02-02T01:40:03.752Z] Session [0a8369e0-e8e8-11e6-b918-bfac0073842a] - page.onError - stack:
  (anonymous function) (https://data.cityofnewyork.us/javascripts/build/dataset-landing-page/main.js?bc87cf326de5a6e9b89aecf4c1cbe998e02cd62f.171.1484074405:42)

  phantomjs://platform/console++.js:263 in error
[ERROR - 2017-02-02T01:40:04.965Z] Session [0a8369e0-e8e8-11e6-b918-bfac0073842a] - page.onError - msg: Unhandled promise rejection undefined

  phantomjs://platform/console++.js:263 in error
[ERROR - 2017-02-02T01:40:04.965Z] Session [0a8369e0-e8e8-11e6-b918-bfac0073842a] - page.onError - stack:
  (anonymous function) (https://data.cityofnewyork.us/javascripts/build/dataset-landing-page/main.js?bc87cf326de5a6e9b89aecf4c1cbe998e02cd62f.171.1484074405:42)

  phantomjs://platform/console++.js:263 in error
[ERROR - 2017-02-02T01:40:06.228Z] Session [0a8369e0-e8e8-11e6-b918-bfac0073842a] - page.onError - msg: Unhandled promise rejection undefined

  phantomjs://platform/console++.js:263 in error
[ERROR - 2017-02-02T01:40:06.228Z] Session [0a8369e0-e8e8-11e6-b918-bfac0073842a] - page.onError - stack:
  (anonymous function) (https://data.cityofnewyork.us/javascripts/build/dataset-landing-page/main.js?bc87cf326de5a6e9b89aecf4c1cbe998e02cd62f.171.1484074405:42)

  phantomjs://platform/console++.js:263 in error
[ERROR - 2017-02-02T01:40:07.586Z] Session [0a8369e0-e8e8-11e6-b918-bfac0073842a] - page.onError - msg: Unhandled promise rejection undefined

  phantomjs://platform/console++.js:263 in error
[ERROR - 2017-02-02T01:40:07.587Z] Session [0a8369e0-e8e8-11e6-b918-bfac0073842a] - page.onError - stack:
  (anonymous function) (https://data.cityofnewyork.us/javascripts/build/dataset-landing-page/main.js?bc87cf326de5a6e9b89aecf4c1cbe998e02cd62f.171.1484074405:42)

  phantomjs://platform/console++.js:263 in error
[ERROR - 2017-02-02T01:40:09.299Z] Session [0a8369e0-e8e8-11e6-b918-bfac0073842a] - page.onError - msg: Unhandled promise rejection undefined

  phantomjs://platform/console++.js:263 in error
[ERROR - 2017-02-02T01:40:09.300Z] Session [0a8369e0-e8e8-11e6-b918-bfac0073842a] - page.onError - stack:
  (anonymous function) (https://data.cityofnewyork.us/javascripts/build/dataset-landing-page/main.js?bc87cf326de5a6e9b89aecf4c1cbe998e02cd62f.171.1484074405:42)

  phantomjs://platform/console++.js:263 in error
[ERROR - 2017-02-02T01:40:11.690Z] Session [0a8369e0-e8e8-11e6-b918-bfac0073842a] - page.onError - msg: Unhandled promise rejection undefined

  phantomjs://platform/console++.js:263 in error
[ERROR - 2017-02-02T01:40:11.690Z] Session [0a8369e0-e8e8-11e6-b918-bfac0073842a] - page.onError - stack:
  (anonymous function) (https://data.cityofnewyork.us/javascripts/build/dataset-landing-page/main.js?bc87cf326de5a6e9b89aecf4c1cbe998e02cd62f.171.1484074405:42)

  phantomjs://platform/console++.js:263 in error
[ERROR - 2017-02-02T01:40:13.049Z] Session [0a8369e0-e8e8-11e6-b918-bfac0073842a] - page.onError - msg: Unhandled promise rejection undefined

  phantomjs://platform/console++.js:263 in error
[ERROR - 2017-02-02T01:40:13.050Z] Session [0a8369e0-e8e8-11e6-b918-bfac0073842a] - page.onError - stack:
  (anonymous function) (https://data.cityofnewyork.us/javascripts/build/dataset-landing-page/main.js?bc87cf326de5a6e9b89aecf4c1cbe998e02cd62f.171.1484074405:42)

  phantomjs://platform/console++.js:263 in error
[ERROR - 2017-02-02T01:40:14.548Z] Session [0a8369e0-e8e8-11e6-b918-bfac0073842a] - page.onError - msg: Unhandled promise rejection undefined

  phantomjs://platform/console++.js:263 in error
[ERROR - 2017-02-02T01:40:14.548Z] Session [0a8369e0-e8e8-11e6-b918-bfac0073842a] - page.onError - stack:
  (anonymous function) (https://data.cityofnewyork.us/javascripts/build/dataset-landing-page/main.js?bc87cf326de5a6e9b89aecf4c1cbe998e02cd62f.171.1484074405:42)

  phantomjs://platform/console++.js:263 in error
[ERROR - 2017-02-02T01:40:15.785Z] Session [0a8369e0-e8e8-11e6-b918-bfac0073842a] - page.onError - msg: Unhandled promise rejection undefined

  phantomjs://platform/console++.js:263 in error
[ERROR - 2017-02-02T01:40:15.785Z] Session [0a8369e0-e8e8-11e6-b918-bfac0073842a] - page.onError - stack:
  (anonymous function) (https://data.cityofnewyork.us/javascripts/build/dataset-landing-page/main.js?bc87cf326de5a6e9b89aecf4c1cbe998e02cd62f.171.1484074405:42)

  phantomjs://platform/console++.js:263 in error
[ERROR - 2017-02-02T01:40:17.250Z] Session [0a8369e0-e8e8-11e6-b918-bfac0073842a] - page.onError - msg: Unhandled promise rejection undefined

  phantomjs://platform/console++.js:263 in error
[ERROR - 2017-02-02T01:40:17.250Z] Session [0a8369e0-e8e8-11e6-b918-bfac0073842a] - page.onError - stack:
  (anonymous function) (https://data.cityofnewyork.us/javascripts/build/dataset-landing-page/main.js?bc87cf326de5a6e9b89aecf4c1cbe998e02cd62f.171.1484074405:42)

  phantomjs://platform/console++.js:263 in error
[ERROR - 2017-02-02T01:40:18.523Z] Session [0a8369e0-e8e8-11e6-b918-bfac0073842a] - page.onError - msg: Unhandled promise rejection undefined

  phantomjs://platform/console++.js:263 in error
[ERROR - 2017-02-02T01:40:18.524Z] Session [0a8369e0-e8e8-11e6-b918-bfac0073842a] - page.onError - stack:
  (anonymous function) (https://data.cityofnewyork.us/javascripts/build/dataset-landing-page/main.js?bc87cf326de5a6e9b89aecf4c1cbe998e02cd62f.171.1484074405:42)

  phantomjs://platform/console++.js:263 in error
[ERROR - 2017-02-02T01:40:19.816Z] Session [0a8369e0-e8e8-11e6-b918-bfac0073842a] - page.onError - msg: Unhandled promise rejection undefined

  phantomjs://platform/console++.js:263 in error
[ERROR - 2017-02-02T01:40:19.816Z] Session [0a8369e0-e8e8-11e6-b918-bfac0073842a] - page.onError - stack:
  (anonymous function) (https://data.cityofnewyork.us/javascripts/build/dataset-landing-page/main.js?bc87cf326de5a6e9b89aecf4c1cbe998e02cd62f.171.1484074405:42)

  phantomjs://platform/console++.js:263 in error
[ERROR - 2017-02-02T01:40:24.392Z] Session [0a8369e0-e8e8-11e6-b918-bfac0073842a] - page.onError - msg: Unhandled promise rejection undefined

  phantomjs://platform/console++.js:263 in error
[ERROR - 2017-02-02T01:40:24.392Z] Session [0a8369e0-e8e8-11e6-b918-bfac0073842a] - page.onError - stack:
  (anonymous function) (https://data.cityofnewyork.us/javascripts/build/dataset-landing-page/main.js?bc87cf326de5a6e9b89aecf4c1cbe998e02cd62f.171.1484074405:42)

  phantomjs://platform/console++.js:263 in error
[ERROR - 2017-02-02T01:40:27.257Z] Session [0a8369e0-e8e8-11e6-b918-bfac0073842a] - page.onError - msg: Unhandled promise rejection undefined

  phantomjs://platform/console++.js:263 in error
[ERROR - 2017-02-02T01:40:27.257Z] Session [0a8369e0-e8e8-11e6-b918-bfac0073842a] - page.onError - stack:
  (anonymous function) (https://data.cityofnewyork.us/javascripts/build/dataset-landing-page/main.js?bc87cf326de5a6e9b89aecf4c1cbe998e02cd62f.171.1484074405:42)

  phantomjs://platform/console++.js:263 in error
[ERROR - 2017-02-02T01:40:28.416Z] Session [0a8369e0-e8e8-11e6-b918-bfac0073842a] - page.onError - msg: Unhandled promise rejection undefined

  phantomjs://platform/console++.js:263 in error
[ERROR - 2017-02-02T01:40:28.416Z] Session [0a8369e0-e8e8-11e6-b918-bfac0073842a] - page.onError - stack:
  (anonymous function) (https://data.cityofnewyork.us/javascripts/build/dataset-landing-page/main.js?bc87cf326de5a6e9b89aecf4c1cbe998e02cd62f.171.1484074405:42)

  phantomjs://platform/console++.js:263 in error
[ERROR - 2017-02-02T01:40:29.884Z] Session [0a8369e0-e8e8-11e6-b918-bfac0073842a] - page.onError - msg: Unhandled promise rejection undefined

  phantomjs://platform/console++.js:263 in error
[ERROR - 2017-02-02T01:40:29.884Z] Session [0a8369e0-e8e8-11e6-b918-bfac0073842a] - page.onError - stack:
  (anonymous function) (https://data.cityofnewyork.us/javascripts/build/dataset-landing-page/main.js?bc87cf326de5a6e9b89aecf4c1cbe998e02cd62f.171.1484074405:42)

  phantomjs://platform/console++.js:263 in error
[ERROR - 2017-02-02T01:40:31.200Z] Session [0a8369e0-e8e8-11e6-b918-bfac0073842a] - page.onError - msg: Unhandled promise rejection undefined

  phantomjs://platform/console++.js:263 in error
[ERROR - 2017-02-02T01:40:31.200Z] Session [0a8369e0-e8e8-11e6-b918-bfac0073842a] - page.onError - stack:
  (anonymous function) (https://data.cityofnewyork.us/javascripts/build/dataset-landing-page/main.js?bc87cf326de5a6e9b89aecf4c1cbe998e02cd62f.171.1484074405:42)

  phantomjs://platform/console++.js:263 in error
[ERROR - 2017-02-02T01:40:32.444Z] Session [0a8369e0-e8e8-11e6-b918-bfac0073842a] - page.onError - msg: Unhandled promise rejection undefined

  phantomjs://platform/console++.js:263 in error
[ERROR - 2017-02-02T01:40:32.444Z] Session [0a8369e0-e8e8-11e6-b918-bfac0073842a] - page.onError - stack:
  (anonymous function) (https://data.cityofnewyork.us/javascripts/build/dataset-landing-page/main.js?bc87cf326de5a6e9b89aecf4c1cbe998e02cd62f.171.1484074405:42)

  phantomjs://platform/console++.js:263 in error
[ERROR - 2017-02-02T01:40:33.645Z] Session [0a8369e0-e8e8-11e6-b918-bfac0073842a] - page.onError - msg: Unhandled promise rejection undefined

  phantomjs://platform/console++.js:263 in error
[ERROR - 2017-02-02T01:40:33.646Z] Session [0a8369e0-e8e8-11e6-b918-bfac0073842a] - page.onError - stack:
  (anonymous function) (https://data.cityofnewyork.us/javascripts/build/dataset-landing-page/main.js?bc87cf326de5a6e9b89aecf4c1cbe998e02cd62f.171.1484074405:42)

  phantomjs://platform/console++.js:263 in error
[ERROR - 2017-02-02T01:40:34.986Z] Session [0a8369e0-e8e8-11e6-b918-bfac0073842a] - page.onError - msg: Unhandled promise rejection undefined

  phantomjs://platform/console++.js:263 in error
[ERROR - 2017-02-02T01:40:34.987Z] Session [0a8369e0-e8e8-11e6-b918-bfac0073842a] - page.onError - stack:
  (anonymous function) (https://data.cityofnewyork.us/javascripts/build/dataset-landing-page/main.js?bc87cf326de5a6e9b89aecf4c1cbe998e02cd62f.171.1484074405:42)

  phantomjs://platform/console++.js:263 in error
[ERROR - 2017-02-02T01:40:36.354Z] Session [0a8369e0-e8e8-11e6-b918-bfac0073842a] - page.onError - msg: Unhandled promise rejection undefined

  phantomjs://platform/console++.js:263 in error
[ERROR - 2017-02-02T01:40:36.354Z] Session [0a8369e0-e8e8-11e6-b918-bfac0073842a] - page.onError - stack:
  (anonymous function) (https://data.cityofnewyork.us/javascripts/build/dataset-landing-page/main.js?bc87cf326de5a6e9b89aecf4c1cbe998e02cd62f.171.1484074405:42)

  phantomjs://platform/console++.js:263 in error
[ERROR - 2017-02-02T01:40:40.310Z] Session [0a8369e0-e8e8-11e6-b918-bfac0073842a] - page.onError - msg: Unhandled promise rejection undefined

  phantomjs://platform/console++.js:263 in error
[ERROR - 2017-02-02T01:40:40.311Z] Session [0a8369e0-e8e8-11e6-b918-bfac0073842a] - page.onError - stack:
  (anonymous function) (https://data.cityofnewyork.us/javascripts/build/dataset-landing-page/main.js?bc87cf326de5a6e9b89aecf4c1cbe998e02cd62f.171.1484074405:42)

  phantomjs://platform/console++.js:263 in error
[ERROR - 2017-02-02T01:40:43.534Z] Session [0a8369e0-e8e8-11e6-b918-bfac0073842a] - page.onError - msg: Unhandled promise rejection undefined

  phantomjs://platform/console++.js:263 in error
[ERROR - 2017-02-02T01:40:43.534Z] Session [0a8369e0-e8e8-11e6-b918-bfac0073842a] - page.onError - stack:
  (anonymous function) (https://data.cityofnewyork.us/javascripts/build/dataset-landing-page/main.js?bc87cf326de5a6e9b89aecf4c1cbe998e02cd62f.171.1484074405:42)

  phantomjs://platform/console++.js:263 in error
[ERROR - 2017-02-02T01:40:44.754Z] Session [0a8369e0-e8e8-11e6-b918-bfac0073842a] - page.onError - msg: Unhandled promise rejection undefined

  phantomjs://platform/console++.js:263 in error
[ERROR - 2017-02-02T01:40:44.755Z] Session [0a8369e0-e8e8-11e6-b918-bfac0073842a] - page.onError - stack:
  (anonymous function) (https://data.cityofnewyork.us/javascripts/build/dataset-landing-page/main.js?bc87cf326de5a6e9b89aecf4c1cbe998e02cd62f.171.1484074405:42)

  phantomjs://platform/console++.js:263 in error
[ERROR - 2017-02-02T01:40:45.862Z] Session [0a8369e0-e8e8-11e6-b918-bfac0073842a] - page.onError - msg: Unhandled promise rejection undefined

  phantomjs://platform/console++.js:263 in error
[ERROR - 2017-02-02T01:40:45.862Z] Session [0a8369e0-e8e8-11e6-b918-bfac0073842a] - page.onError - stack:
  (anonymous function) (https://data.cityofnewyork.us/javascripts/build/dataset-landing-page/main.js?bc87cf326de5a6e9b89aecf4c1cbe998e02cd62f.171.1484074405:42)

  phantomjs://platform/console++.js:263 in error
[ERROR - 2017-02-02T01:40:47.187Z] Session [0a8369e0-e8e8-11e6-b918-bfac0073842a] - page.onError - msg: Unhandled promise rejection undefined

  phantomjs://platform/console++.js:263 in error
[ERROR - 2017-02-02T01:40:47.187Z] Session [0a8369e0-e8e8-11e6-b918-bfac0073842a] - page.onError - stack:
  (anonymous function) (https://data.cityofnewyork.us/javascripts/build/dataset-landing-page/main.js?bc87cf326de5a6e9b89aecf4c1cbe998e02cd62f.171.1484074405:42)

  phantomjs://platform/console++.js:263 in error
[ERROR - 2017-02-02T01:40:48.464Z] Session [0a8369e0-e8e8-11e6-b918-bfac0073842a] - page.onError - msg: Unhandled promise rejection undefined

  phantomjs://platform/console++.js:263 in error
[ERROR - 2017-02-02T01:40:48.464Z] Session [0a8369e0-e8e8-11e6-b918-bfac0073842a] - page.onError - stack:
  (anonymous function) (https://data.cityofnewyork.us/javascripts/build/dataset-landing-page/main.js?bc87cf326de5a6e9b89aecf4c1cbe998e02cd62f.171.1484074405:42)

  phantomjs://platform/console++.js:263 in error
[ERROR - 2017-02-02T01:40:49.636Z] Session [0a8369e0-e8e8-11e6-b918-bfac0073842a] - page.onError - msg: Unhandled promise rejection undefined

  phantomjs://platform/console++.js:263 in error
[ERROR - 2017-02-02T01:40:49.636Z] Session [0a8369e0-e8e8-11e6-b918-bfac0073842a] - page.onError - stack:
  (anonymous function) (https://data.cityofnewyork.us/javascripts/build/dataset-landing-page/main.js?bc87cf326de5a6e9b89aecf4c1cbe998e02cd62f.171.1484074405:42)

  phantomjs://platform/console++.js:263 in error
